  [1m[36m (0.0ms)[0m  [1mselect sqlite_version(*)[0m
  [1m[35m (136.0ms)[0m  CREATE TABLE "schema_migrations" ("version" varchar(255) NOT NULL) 
  [1m[36m (0.0ms)[0m  [1mPRAGMA index_list("schema_migrations")[0m
  [1m[35m (103.0ms)[0m  CREATE UNIQUE INDEX "unique_schema_migrations" ON "schema_migrations" ("version")
  [1m[36m (0.0ms)[0m  [1mSELECT "schema_migrations"."version" FROM "schema_migrations" [0m
Migrating to CreateTweets (20120404013043)
  [1m[35m (0.0ms)[0m  begin transaction
  [1m[36m (3.0ms)[0m  [1mCREATE TABLE "tweets" ("id" INTEGER PRIMARY KEY AUTOINCREMENT NOT NULL, "user" varchar(255), "status" varchar(255), "message" varchar(255), "created_at" datetime NOT NULL, "updated_at" datetime NOT NULL) [0m
  [1m[35m (0.0ms)[0m  INSERT INTO "schema_migrations" ("version") VALUES ('20120404013043')
  [1m[36m (117.0ms)[0m  [1mcommit transaction[0m
  [1m[35m (0.0ms)[0m  select sqlite_version(*)
  [1m[36m (0.0ms)[0m  [1mSELECT "schema_migrations"."version" FROM "schema_migrations" [0m
  [1m[35m (0.0ms)[0m  PRAGMA index_list("tweets")


Started GET "/tweets" for 127.0.0.1 at 2012-08-09 02:49:11 -0500
Processing by TweetsController#index as HTML
  [1m[36mTweet Load (0.0ms)[0m  [1mSELECT "tweets".* FROM "tweets" [0m
  [1m[35m (1.0ms)[0m  begin transaction
  [1m[36mSQL (100.0ms)[0m  [1mINSERT INTO "tweets" ("created_at", "message", "status", "updated_at", "user") VALUES (?, ?, ?, ?, ?)[0m  [["created_at", Thu, 09 Aug 2012 07:49:14 UTC +00:00], ["message", nil], ["status", nil], ["updated_at", Thu, 09 Aug 2012 07:49:14 UTC +00:00], ["user", nil]]
  [1m[35m (78.0ms)[0m  commit transaction
  Rendered tweets/index.html.erb within layouts/application (132.0ms)
Compiled scaffolds.css  (57ms)  (pid 7124)
Compiled tweets.css  (3ms)  (pid 7124)
Compiled application.css  (132ms)  (pid 7124)
Compiled jquery.js  (36ms)  (pid 7124)
Compiled jquery_ujs.js  (1ms)  (pid 7124)
Compiled tweets.js  (859ms)  (pid 7124)
Compiled application.js  (1055ms)  (pid 7124)
Completed 200 OK in 1740ms (Views: 1548.1ms | ActiveRecord: 179.0ms)


Started GET "/assets/jquery.js?body=1" for 127.0.0.1 at 2012-08-09 02:49:15 -0500
Served asset /jquery.js - 200 OK (13ms)


Started PUT "/user" for 127.0.0.1 at 2012-08-09 02:49:48 -0500
Processing by TweetsController#read_message as HTML
  Parameters: {"utf8"=>"✓", "authenticity_token"=>"ecx4ULkICrjVhxhcZ9eDB4Q/KrcRQDkfhmSgOTiaveA=", "tweet"=>{"user"=>"elcomercio"}, "commit"=>"Ver ultimo Tweet"}
  Rendered tweets/read_message.html.erb within layouts/application (1246.1ms)
Completed 200 OK in 1267ms (Views: 1265.1ms | ActiveRecord: 0.0ms)


Started PUT "/user" for 127.0.0.1 at 2012-08-09 02:50:53 -0500
Processing by TweetsController#read_message as HTML
  Parameters: {"utf8"=>"✓", "authenticity_token"=>"ecx4ULkICrjVhxhcZ9eDB4Q/KrcRQDkfhmSgOTiaveA=", "tweet"=>{"user"=>"elcomercio"}, "commit"=>"Ver ultimo Tweet"}
  Rendered tweets/read_message.html.erb within layouts/application (1038.1ms)
Completed 200 OK in 1062ms (Views: 1061.1ms | ActiveRecord: 0.0ms)


Started PUT "/read_text" for 127.0.0.1 at 2012-08-09 02:51:04 -0500
Processing by TweetsController#index as HTML
  Parameters: {"utf8"=>"✓", "authenticity_token"=>"ecx4ULkICrjVhxhcZ9eDB4Q/KrcRQDkfhmSgOTiaveA=", "tweet"=>{"status"=>""}, "commit"=>"Mostrar Tweet"}
  [1m[36mTweet Load (0.0ms)[0m  [1mSELECT "tweets".* FROM "tweets" [0m
  [1m[35m (0.0ms)[0m  begin transaction
  [1m[36mSQL (1.0ms)[0m  [1mINSERT INTO "tweets" ("created_at", "message", "status", "updated_at", "user") VALUES (?, ?, ?, ?, ?)[0m  [["created_at", Thu, 09 Aug 2012 07:51:04 UTC +00:00], ["message", nil], ["status", ""], ["updated_at", Thu, 09 Aug 2012 07:51:04 UTC +00:00], ["user", nil]]
  [1m[35m (85.0ms)[0m  commit transaction
  Rendered tweets/index.html.erb within layouts/application (48.0ms)
Completed 200 OK in 158ms (Views: 66.0ms | ActiveRecord: 86.0ms)


Started PUT "/read_text" for 127.0.0.1 at 2012-08-09 02:51:07 -0500
Processing by TweetsController#index as HTML
  Parameters: {"utf8"=>"✓", "authenticity_token"=>"ecx4ULkICrjVhxhcZ9eDB4Q/KrcRQDkfhmSgOTiaveA=", "tweet"=>{"status"=>""}, "commit"=>"Mostrar Tweet"}
  [1m[36mTweet Load (0.0ms)[0m  [1mSELECT "tweets".* FROM "tweets" [0m
  [1m[35m (0.0ms)[0m  begin transaction
  [1m[36mSQL (1.0ms)[0m  [1mINSERT INTO "tweets" ("created_at", "message", "status", "updated_at", "user") VALUES (?, ?, ?, ?, ?)[0m  [["created_at", Thu, 09 Aug 2012 07:51:07 UTC +00:00], ["message", nil], ["status", ""], ["updated_at", Thu, 09 Aug 2012 07:51:07 UTC +00:00], ["user", nil]]
  [1m[35m (127.0ms)[0m  commit transaction
  Rendered tweets/index.html.erb within layouts/application (9.0ms)
Completed 200 OK in 167ms (Views: 34.0ms | ActiveRecord: 128.0ms)
  [1m[36m (0.0ms)[0m  [1mSELECT "schema_migrations"."version" FROM "schema_migrations" [0m
Migrating to CreateTweets (20120404013043)
  [1m[35m (1.0ms)[0m  select sqlite_version(*)
  [1m[36m (0.0ms)[0m  [1mSELECT "schema_migrations"."version" FROM "schema_migrations" [0m
  [1m[35m (0.0ms)[0m  PRAGMA index_list("tweets")
  [1m[36m (0.0ms)[0m  [1mSELECT "schema_migrations"."version" FROM "schema_migrations" [0m
Migrating to CreateTweets (20120404013043)
  [1m[35m (1.0ms)[0m  select sqlite_version(*)
  [1m[36m (0.0ms)[0m  [1mSELECT "schema_migrations"."version" FROM "schema_migrations" [0m
  [1m[35m (0.0ms)[0m  PRAGMA index_list("tweets")


Started GET "/tweets" for 127.0.0.1 at 2012-08-09 02:57:23 -0500
Processing by TweetsController#index as HTML
  [1m[36mTweet Load (0.0ms)[0m  [1mSELECT "tweets".* FROM "tweets" [0m
  [1m[35m (0.0ms)[0m  begin transaction
  [1m[36mSQL (39.0ms)[0m  [1mINSERT INTO "tweets" ("created_at", "message", "status", "updated_at", "user") VALUES (?, ?, ?, ?, ?)[0m  [["created_at", Thu, 09 Aug 2012 07:57:25 UTC +00:00], ["message", nil], ["status", nil], ["updated_at", Thu, 09 Aug 2012 07:57:25 UTC +00:00], ["user", nil]]
  [1m[35m (196.0ms)[0m  commit transaction
  Rendered tweets/index.html.erb within layouts/application (42.0ms)
Completed 200 OK in 482ms (Views: 233.0ms | ActiveRecord: 235.0ms)


Started GET "/tweets" for 127.0.0.1 at 2012-08-09 02:57:43 -0500
Processing by TweetsController#index as HTML
  [1m[36mTweet Load (1.0ms)[0m  [1mSELECT "tweets".* FROM "tweets" [0m
  [1m[35m (0.0ms)[0m  begin transaction
  [1m[36mSQL (3.0ms)[0m  [1mINSERT INTO "tweets" ("created_at", "message", "status", "updated_at", "user") VALUES (?, ?, ?, ?, ?)[0m  [["created_at", Thu, 09 Aug 2012 07:57:43 UTC +00:00], ["message", nil], ["status", nil], ["updated_at", Thu, 09 Aug 2012 07:57:43 UTC +00:00], ["user", nil]]
  [1m[35m (109.0ms)[0m  commit transaction
  Rendered tweets/index.html.erb within layouts/application (10.0ms)
Completed 200 OK in 149ms (Views: 34.0ms | ActiveRecord: 113.0ms)


Started GET "/assets/application.css?body=1" for 127.0.0.1 at 2012-08-09 02:57:43 -0500
Served asset /application.css - 304 Not Modified (11ms)


Started GET "/assets/tweets.css?body=1" for 127.0.0.1 at 2012-08-09 02:57:43 -0500
Served asset /tweets.css - 304 Not Modified (2ms)


Started GET "/assets/scaffolds.css?body=1" for 127.0.0.1 at 2012-08-09 02:57:43 -0500
Served asset /scaffolds.css - 304 Not Modified (3ms)


Started GET "/assets/tweets.js?body=1" for 127.0.0.1 at 2012-08-09 02:57:43 -0500
Served asset /tweets.js - 304 Not Modified (4ms)


Started GET "/assets/jquery_ujs.js?body=1" for 127.0.0.1 at 2012-08-09 02:57:43 -0500
Served asset /jquery_ujs.js - 200 OK (33ms)


Started GET "/assets/jquery.js?body=1" for 127.0.0.1 at 2012-08-09 02:57:43 -0500
Served asset /jquery.js - 304 Not Modified (7ms)


Started GET "/assets/application.js?body=1" for 127.0.0.1 at 2012-08-09 02:57:44 -0500
Served asset /application.js - 304 Not Modified (9ms)


Started GET "/tweets" for 127.0.0.1 at 2012-08-09 02:57:47 -0500
Processing by TweetsController#index as HTML
  [1m[36mTweet Load (1.0ms)[0m  [1mSELECT "tweets".* FROM "tweets" [0m
  [1m[35m (0.0ms)[0m  begin transaction
  [1m[36mSQL (1.0ms)[0m  [1mINSERT INTO "tweets" ("created_at", "message", "status", "updated_at", "user") VALUES (?, ?, ?, ?, ?)[0m  [["created_at", Thu, 09 Aug 2012 07:57:47 UTC +00:00], ["message", nil], ["status", nil], ["updated_at", Thu, 09 Aug 2012 07:57:47 UTC +00:00], ["user", nil]]
  [1m[35m (117.0ms)[0m  commit transaction
  Rendered tweets/index.html.erb within layouts/application (13.0ms)
Completed 200 OK in 161ms (Views: 35.0ms | ActiveRecord: 119.0ms)


Started GET "/tweets" for 127.0.0.1 at 2012-08-09 02:57:47 -0500
Processing by TweetsController#index as HTML
  [1m[36mTweet Load (1.0ms)[0m  [1mSELECT "tweets".* FROM "tweets" [0m
  [1m[35m (0.0ms)[0m  begin transaction
  [1m[36mSQL (2.0ms)[0m  [1mINSERT INTO "tweets" ("created_at", "message", "status", "updated_at", "user") VALUES (?, ?, ?, ?, ?)[0m  [["created_at", Thu, 09 Aug 2012 07:57:47 UTC +00:00], ["message", nil], ["status", nil], ["updated_at", Thu, 09 Aug 2012 07:57:47 UTC +00:00], ["user", nil]]
  [1m[35m (114.0ms)[0m  commit transaction
  Rendered tweets/index.html.erb within layouts/application (9.0ms)
Completed 200 OK in 153ms (Views: 34.0ms | ActiveRecord: 117.0ms)


Started GET "/assets/application.css?body=1" for 127.0.0.1 at 2012-08-09 02:57:48 -0500
Served asset /application.css - 304 Not Modified (0ms)


Started GET "/assets/scaffolds.css?body=1" for 127.0.0.1 at 2012-08-09 02:57:48 -0500
Served asset /scaffolds.css - 304 Not Modified (0ms)


Started GET "/assets/tweets.css?body=1" for 127.0.0.1 at 2012-08-09 02:57:48 -0500
Served asset /tweets.css - 304 Not Modified (0ms)


Started GET "/assets/jquery.js?body=1" for 127.0.0.1 at 2012-08-09 02:57:48 -0500
Served asset /jquery.js - 304 Not Modified (0ms)


Started GET "/assets/jquery_ujs.js?body=1" for 127.0.0.1 at 2012-08-09 02:57:48 -0500
Served asset /jquery_ujs.js - 304 Not Modified (0ms)


Started GET "/assets/tweets.js?body=1" for 127.0.0.1 at 2012-08-09 02:57:48 -0500
Served asset /tweets.js - 304 Not Modified (0ms)


Started GET "/assets/application.js?body=1" for 127.0.0.1 at 2012-08-09 02:57:48 -0500
Served asset /application.js - 304 Not Modified (0ms)
  [1m[36m (0.0ms)[0m  [1mSELECT "schema_migrations"."version" FROM "schema_migrations" [0m
Migrating to CreateTweets (20120404013043)
  [1m[35m (0.0ms)[0m  select sqlite_version(*)
  [1m[36m (0.0ms)[0m  [1mSELECT "schema_migrations"."version" FROM "schema_migrations" [0m
  [1m[35m (0.0ms)[0m  PRAGMA index_list("tweets")


Started GET "/tweets" for 127.0.0.1 at 2012-08-09 03:00:41 -0500
Processing by TweetsController#index as HTML
  [1m[36mTweet Load (0.0ms)[0m  [1mSELECT "tweets".* FROM "tweets" [0m
  [1m[35m (0.0ms)[0m  begin transaction
  [1m[36mSQL (1.0ms)[0m  [1mINSERT INTO "tweets" ("created_at", "message", "status", "updated_at", "user") VALUES (?, ?, ?, ?, ?)[0m  [["created_at", Thu, 09 Aug 2012 08:00:41 UTC +00:00], ["message", nil], ["status", nil], ["updated_at", Thu, 09 Aug 2012 08:00:41 UTC +00:00], ["user", nil]]
  [1m[35m (119.0ms)[0m  commit transaction
  Rendered tweets/index.html.erb within layouts/application (9.0ms)
Completed 200 OK in 167ms (Views: 32.0ms | ActiveRecord: 120.0ms)


Started GET "/assets/application.css?body=1" for 127.0.0.1 at 2012-08-09 03:00:42 -0500
Served asset /application.css - 304 Not Modified (0ms)


Started GET "/assets/scaffolds.css?body=1" for 127.0.0.1 at 2012-08-09 03:00:42 -0500
Served asset /scaffolds.css - 304 Not Modified (0ms)


Started GET "/assets/tweets.js?body=1" for 127.0.0.1 at 2012-08-09 03:00:42 -0500
Served asset /tweets.js - 304 Not Modified (0ms)


Started GET "/assets/jquery.js?body=1" for 127.0.0.1 at 2012-08-09 03:00:42 -0500
Served asset /jquery.js - 304 Not Modified (0ms)


Started GET "/assets/jquery_ujs.js?body=1" for 127.0.0.1 at 2012-08-09 03:00:42 -0500
Served asset /jquery_ujs.js - 304 Not Modified (1ms)


Started GET "/assets/tweets.css?body=1" for 127.0.0.1 at 2012-08-09 03:00:42 -0500
Served asset /tweets.css - 304 Not Modified (1ms)


Started GET "/assets/application.js?body=1" for 127.0.0.1 at 2012-08-09 03:00:42 -0500
Served asset /application.js - 304 Not Modified (0ms)


Started PUT "/user" for 127.0.0.1 at 2012-08-09 03:02:33 -0500
Processing by TweetsController#read_message as HTML
  Parameters: {"utf8"=>"✓", "authenticity_token"=>"ecx4ULkICrjVhxhcZ9eDB4Q/KrcRQDkfhmSgOTiaveA=", "tweet"=>{"user"=>"elcomercio"}, "commit"=>"Ver ultimo Tweet"}
  Rendered tweets/read_message.html.erb within layouts/application (2591.1ms)
Completed 200 OK in 2773ms (Views: 2765.2ms | ActiveRecord: 0.0ms)


Started GET "/assets/application.css?body=1" for 127.0.0.1 at 2012-08-09 03:02:41 -0500
Served asset /application.css - 304 Not Modified (10ms)


Started GET "/assets/scaffolds.css?body=1" for 127.0.0.1 at 2012-08-09 03:02:41 -0500
Served asset /scaffolds.css - 304 Not Modified (7ms)


Started GET "/assets/tweets.css?body=1" for 127.0.0.1 at 2012-08-09 03:02:41 -0500
Served asset /tweets.css - 304 Not Modified (4ms)


Started GET "/assets/jquery.js?body=1" for 127.0.0.1 at 2012-08-09 03:02:41 -0500
Served asset /jquery.js - 304 Not Modified (6ms)


Started GET "/assets/jquery_ujs.js?body=1" for 127.0.0.1 at 2012-08-09 03:02:41 -0500
Served asset /jquery_ujs.js - 304 Not Modified (8ms)


Started GET "/assets/tweets.js?body=1" for 127.0.0.1 at 2012-08-09 03:02:41 -0500
Served asset /tweets.js - 304 Not Modified (3ms)


Started GET "/assets/application.js?body=1" for 127.0.0.1 at 2012-08-09 03:02:41 -0500
Served asset /application.js - 304 Not Modified (24ms)


Started GET "/tweets" for 127.0.0.1 at 2012-08-09 03:07:11 -0500
Processing by TweetsController#index as HTML
  [1m[36mTweet Load (1.0ms)[0m  [1mSELECT "tweets".* FROM "tweets" [0m
  [1m[35m (0.0ms)[0m  begin transaction
  [1m[36mSQL (40.0ms)[0m  [1mINSERT INTO "tweets" ("created_at", "message", "status", "updated_at", "user") VALUES (?, ?, ?, ?, ?)[0m  [["created_at", Thu, 09 Aug 2012 08:07:11 UTC +00:00], ["message", nil], ["status", nil], ["updated_at", Thu, 09 Aug 2012 08:07:11 UTC +00:00], ["user", nil]]
  [1m[35m (113.0ms)[0m  commit transaction
  Rendered tweets/index.html.erb within layouts/application (78.0ms)
Completed 500 Internal Server Error in 265ms

ActionView::Template::Error (undefined method `usuario' for #<Tweet:0x38f1ae0>):
    3: <%= form_for(@tweet, :url => "user") do |f| %>
    4:   <div class="field">
    5:     <%= f.label :user %><br />
    6:     <%= f.text_field :usuario %>
    7:   </div>
    8:   <div class="actions">
    9:     <%= f.submit "Ver ultimo Tweet" %>
  app/views/tweets/index.html.erb:6:in `block in _app_views_tweets_index_html_erb__1031900443_30611244'
  app/views/tweets/index.html.erb:3:in `_app_views_tweets_index_html_erb__1031900443_30611244'
  app/controllers/tweets_controller.rb:8:in `index'


  Rendered C:/RailsInstaller/Ruby1.9.3/lib/ruby/gems/1.9.1/gems/actionpack-3.2.1/lib/action_dispatch/middleware/templates/rescues/_trace.erb (6.0ms)
  Rendered C:/RailsInstaller/Ruby1.9.3/lib/ruby/gems/1.9.1/gems/actionpack-3.2.1/lib/action_dispatch/middleware/templates/rescues/_request_and_response.erb (2.0ms)
  Rendered C:/RailsInstaller/Ruby1.9.3/lib/ruby/gems/1.9.1/gems/actionpack-3.2.1/lib/action_dispatch/middleware/templates/rescues/template_error.erb within rescues/layout (14.0ms)


Started GET "/tweets" for 127.0.0.1 at 2012-08-09 03:07:55 -0500
Processing by TweetsController#index as HTML
  [1m[36mTweet Load (1.0ms)[0m  [1mSELECT "tweets".* FROM "tweets" [0m
  [1m[35m (0.0ms)[0m  begin transaction
  [1m[36mSQL (1.0ms)[0m  [1mINSERT INTO "tweets" ("created_at", "message", "status", "updated_at", "user") VALUES (?, ?, ?, ?, ?)[0m  [["created_at", Thu, 09 Aug 2012 08:07:55 UTC +00:00], ["message", nil], ["status", nil], ["updated_at", Thu, 09 Aug 2012 08:07:55 UTC +00:00], ["user", nil]]
  [1m[35m (95.0ms)[0m  commit transaction
  Rendered tweets/index.html.erb within layouts/application (45.0ms)
Completed 200 OK in 168ms (Views: 64.0ms | ActiveRecord: 97.0ms)


Started GET "/assets/scaffolds.css?body=1" for 127.0.0.1 at 2012-08-09 03:07:55 -0500
Served asset /scaffolds.css - 304 Not Modified (0ms)


Started GET "/assets/application.css?body=1" for 127.0.0.1 at 2012-08-09 03:07:55 -0500
Served asset /application.css - 304 Not Modified (0ms)


Started GET "/assets/tweets.css?body=1" for 127.0.0.1 at 2012-08-09 03:07:55 -0500
Served asset /tweets.css - 304 Not Modified (0ms)


Started GET "/assets/jquery.js?body=1" for 127.0.0.1 at 2012-08-09 03:07:55 -0500
Served asset /jquery.js - 304 Not Modified (0ms)


Started GET "/assets/jquery_ujs.js?body=1" for 127.0.0.1 at 2012-08-09 03:07:55 -0500
Served asset /jquery_ujs.js - 304 Not Modified (0ms)


Started GET "/assets/tweets.js?body=1" for 127.0.0.1 at 2012-08-09 03:07:55 -0500
Served asset /tweets.js - 304 Not Modified (1ms)


Started GET "/assets/application.js?body=1" for 127.0.0.1 at 2012-08-09 03:07:55 -0500
Served asset /application.js - 304 Not Modified (2ms)
  [1m[36m (0.0ms)[0m  [1mSELECT "schema_migrations"."version" FROM "schema_migrations" [0m
Migrating to CreateTweets (20120404013043)
  [1m[35m (1.0ms)[0m  select sqlite_version(*)
  [1m[36m (0.0ms)[0m  [1mSELECT "schema_migrations"."version" FROM "schema_migrations" [0m
  [1m[35m (0.0ms)[0m  PRAGMA index_list("tweets")


Started GET "/tweets" for 127.0.0.1 at 2012-08-09 03:42:39 -0500
Processing by TweetsController#index as HTML
  [1m[36mTweet Load (0.0ms)[0m  [1mSELECT "tweets".* FROM "tweets" [0m
  [1m[35m (0.0ms)[0m  begin transaction
  [1m[36mSQL (38.0ms)[0m  [1mINSERT INTO "tweets" ("created_at", "message", "status", "updated_at", "user") VALUES (?, ?, ?, ?, ?)[0m  [["created_at", Thu, 09 Aug 2012 08:42:41 UTC +00:00], ["message", nil], ["status", nil], ["updated_at", Thu, 09 Aug 2012 08:42:41 UTC +00:00], ["user", nil]]
  [1m[35m (150.0ms)[0m  commit transaction
  Rendered tweets/index.html.erb within layouts/application (41.0ms)
Completed 200 OK in 425ms (Views: 222.0ms | ActiveRecord: 188.0ms)


Started GET "/assets/application.css?body=1" for 127.0.0.1 at 2012-08-09 03:42:42 -0500
Served asset /application.css - 304 Not Modified (6ms)


Started GET "/assets/scaffolds.css?body=1" for 127.0.0.1 at 2012-08-09 03:42:42 -0500
Served asset /scaffolds.css - 304 Not Modified (3ms)


Started GET "/assets/jquery.js?body=1" for 127.0.0.1 at 2012-08-09 03:42:42 -0500
Served asset /jquery.js - 304 Not Modified (15ms)


Started GET "/assets/tweets.js?body=1" for 127.0.0.1 at 2012-08-09 03:42:42 -0500
Served asset /tweets.js - 304 Not Modified (3ms)


Started GET "/assets/tweets.css?body=1" for 127.0.0.1 at 2012-08-09 03:42:42 -0500
Served asset /tweets.css - 304 Not Modified (3ms)


Started GET "/assets/jquery_ujs.js?body=1" for 127.0.0.1 at 2012-08-09 03:42:42 -0500
Served asset /jquery_ujs.js - 304 Not Modified (5ms)


Started GET "/assets/application.js?body=1" for 127.0.0.1 at 2012-08-09 03:42:42 -0500
Served asset /application.js - 304 Not Modified (45ms)


Started PUT "/user" for 127.0.0.1 at 2012-08-09 03:43:20 -0500
Processing by TweetsController#read_message as HTML
  Parameters: {"utf8"=>"✓", "authenticity_token"=>"ecx4ULkICrjVhxhcZ9eDB4Q/KrcRQDkfhmSgOTiaveA=", "tweet"=>{"user"=>"elcomercio"}, "commit"=>"Ver ultimo Tweet"}
  Rendered tweets/read_message.html.erb within layouts/application (1276.1ms)
Completed 200 OK in 1289ms (Views: 1288.1ms | ActiveRecord: 0.0ms)


Started GET "/assets/application.css?body=1" for 127.0.0.1 at 2012-08-09 03:43:22 -0500
Served asset /application.css - 304 Not Modified (0ms)


Started GET "/assets/scaffolds.css?body=1" for 127.0.0.1 at 2012-08-09 03:43:22 -0500
Served asset /scaffolds.css - 304 Not Modified (0ms)


Started GET "/assets/jquery.js?body=1" for 127.0.0.1 at 2012-08-09 03:43:22 -0500
Served asset /jquery.js - 304 Not Modified (0ms)


Started GET "/assets/tweets.css?body=1" for 127.0.0.1 at 2012-08-09 03:43:22 -0500
Served asset /tweets.css - 304 Not Modified (0ms)


Started GET "/assets/tweets.js?body=1" for 127.0.0.1 at 2012-08-09 03:43:22 -0500
Served asset /tweets.js - 304 Not Modified (0ms)


Started GET "/assets/jquery_ujs.js?body=1" for 127.0.0.1 at 2012-08-09 03:43:22 -0500
Served asset /jquery_ujs.js - 304 Not Modified (0ms)


Started GET "/assets/application.js?body=1" for 127.0.0.1 at 2012-08-09 03:43:22 -0500
Served asset /application.js - 304 Not Modified (0ms)


Started GET "/assets/application.css?body=1" for 127.0.0.1 at 2012-08-09 03:43:29 -0500
Served asset /application.css - 304 Not Modified (0ms)


Started GET "/assets/scaffolds.css?body=1" for 127.0.0.1 at 2012-08-09 03:43:29 -0500
Served asset /scaffolds.css - 304 Not Modified (0ms)


Started GET "/assets/jquery.js?body=1" for 127.0.0.1 at 2012-08-09 03:43:29 -0500
Served asset /jquery.js - 304 Not Modified (0ms)


Started GET "/assets/tweets.css?body=1" for 127.0.0.1 at 2012-08-09 03:43:29 -0500
Served asset /tweets.css - 304 Not Modified (0ms)


Started GET "/assets/tweets.js?body=1" for 127.0.0.1 at 2012-08-09 03:43:30 -0500
Served asset /tweets.js - 304 Not Modified (0ms)


Started GET "/assets/jquery_ujs.js?body=1" for 127.0.0.1 at 2012-08-09 03:43:30 -0500
Served asset /jquery_ujs.js - 304 Not Modified (0ms)


Started GET "/assets/application.js?body=1" for 127.0.0.1 at 2012-08-09 03:43:30 -0500
Served asset /application.js - 304 Not Modified (0ms)


Started GET "/tweets" for 127.0.0.1 at 2012-08-09 03:45:41 -0500
Processing by TweetsController#index as HTML
  [1m[36mTweet Load (1.0ms)[0m  [1mSELECT "tweets".* FROM "tweets" [0m
  [1m[35m (0.0ms)[0m  begin transaction
  [1m[36mSQL (2.0ms)[0m  [1mINSERT INTO "tweets" ("created_at", "message", "status", "updated_at", "user") VALUES (?, ?, ?, ?, ?)[0m  [["created_at", Thu, 09 Aug 2012 08:45:41 UTC +00:00], ["message", nil], ["status", nil], ["updated_at", Thu, 09 Aug 2012 08:45:41 UTC +00:00], ["user", nil]]
  [1m[35m (193.0ms)[0m  commit transaction
ERROR: compiling _app_views_tweets_index_html_erb___202048526_31264452 RAISED C:/Sites/DEW-2012-1-M2-PC02/twitter/app/views/tweets/index.html.erb:5: syntax error, unexpected tIDENTIFIER, expecting ')'
...end= ( f.label :usuario twitter );@output_buffer.safe_concat...
...                               ^
Function body:           def _app_views_tweets_index_html_erb___202048526_31264452(local_assigns, output_buffer)
            _old_virtual_path, @virtual_path = @virtual_path, "tweets/index";_old_output_buffer = @output_buffer;;@output_buffer = output_buffer || ActionView::OutputBuffer.new;@output_buffer.safe_concat('<h1>Listado de Mensajes de Twitter</h1>

');@output_buffer.append=  form_for(@tweet, :url => "user") do |f| @output_buffer.safe_concat('
');@output_buffer.safe_concat('  <div class="field">
    ');@output_buffer.append= ( f.label :usuario twitter );@output_buffer.safe_concat('<br />
    ');@output_buffer.append= ( f.text_field :user );@output_buffer.safe_concat('
');@output_buffer.safe_concat('  </div>
  <div class="actions">
    ');@output_buffer.append= ( f.submit "Ver ultimo Tweet" );@output_buffer.safe_concat('
');@output_buffer.safe_concat('  </div>
'); end 
@output_buffer.safe_concat('

');@output_buffer.append=  form_for(@tweet, :url => "read_text") do |f| @output_buffer.safe_concat('
');@output_buffer.safe_concat('   <div class="field">
		');@output_buffer.append= ( f.label :status );@output_buffer.safe_concat('<br />
		');@output_buffer.append= ( f.text_field :status );@output_buffer.safe_concat('
');@output_buffer.safe_concat('	</div>
	
  <div class="actions">
    ');@output_buffer.append= ( f.submit "Mostrar Tweet" );@output_buffer.safe_concat('
');@output_buffer.safe_concat('  </div>
'); end 
@output_buffer.safe_concat('<br />

');@output_buffer.append=  form_for(@tweet) do |f| @output_buffer.safe_concat('
');   @tweet.message = @tweet.index 
@output_buffer.safe_concat('  
  <div class="field">
    ');@output_buffer.append= ( f.label :Tweet );@output_buffer.safe_concat('<br />
    ');@output_buffer.append= ( f.text_field :message );@output_buffer.safe_concat('
');@output_buffer.safe_concat('  </div>
	
  <div class="actions">
    ');@output_buffer.append= ( f.submit "Agendar Tweet");@output_buffer.safe_concat('
');@output_buffer.safe_concat('  </div>
'); end 
@output_buffer.safe_concat('<br />

<ul id="container">
');	 @tweets.each do |tweet| 
@output_buffer.safe_concat('		<li>  
			');@output_buffer.append= ( tweet.message);@output_buffer.safe_concat('
');@output_buffer.safe_concat('		</li>
');	 end 
@output_buffer.safe_concat('</ul>

				





');@output_buffer.to_s
          ensure
            @virtual_path, @output_buffer = _old_virtual_path, _old_output_buffer
          end

Backtrace: C:/RailsInstaller/Ruby1.9.3/lib/ruby/gems/1.9.1/gems/actionpack-3.2.1/lib/action_view/template.rb:285:in `module_eval'
C:/RailsInstaller/Ruby1.9.3/lib/ruby/gems/1.9.1/gems/actionpack-3.2.1/lib/action_view/template.rb:285:in `compile'
C:/RailsInstaller/Ruby1.9.3/lib/ruby/gems/1.9.1/gems/actionpack-3.2.1/lib/action_view/template.rb:233:in `compile!'
C:/RailsInstaller/Ruby1.9.3/lib/ruby/gems/1.9.1/gems/actionpack-3.2.1/lib/action_view/template.rb:142:in `block in render'
C:/RailsInstaller/Ruby1.9.3/lib/ruby/gems/1.9.1/gems/activesupport-3.2.1/lib/active_support/notifications.rb:125:in `instrument'
C:/RailsInstaller/Ruby1.9.3/lib/ruby/gems/1.9.1/gems/actionpack-3.2.1/lib/action_view/template.rb:141:in `render'
C:/RailsInstaller/Ruby1.9.3/lib/ruby/gems/1.9.1/gems/actionpack-3.2.1/lib/action_view/renderer/template_renderer.rb:41:in `block (2 levels) in render_template'
C:/RailsInstaller/Ruby1.9.3/lib/ruby/gems/1.9.1/gems/actionpack-3.2.1/lib/action_view/renderer/abstract_renderer.rb:38:in `block in instrument'
C:/RailsInstaller/Ruby1.9.3/lib/ruby/gems/1.9.1/gems/activesupport-3.2.1/lib/active_support/notifications.rb:123:in `block in instrument'
C:/RailsInstaller/Ruby1.9.3/lib/ruby/gems/1.9.1/gems/activesupport-3.2.1/lib/active_support/notifications/instrumenter.rb:20:in `instrument'
C:/RailsInstaller/Ruby1.9.3/lib/ruby/gems/1.9.1/gems/activesupport-3.2.1/lib/active_support/notifications.rb:123:in `instrument'
C:/RailsInstaller/Ruby1.9.3/lib/ruby/gems/1.9.1/gems/actionpack-3.2.1/lib/action_view/renderer/abstract_renderer.rb:38:in `instrument'
C:/RailsInstaller/Ruby1.9.3/lib/ruby/gems/1.9.1/gems/actionpack-3.2.1/lib/action_view/renderer/template_renderer.rb:40:in `block in render_template'
C:/RailsInstaller/Ruby1.9.3/lib/ruby/gems/1.9.1/gems/actionpack-3.2.1/lib/action_view/renderer/template_renderer.rb:48:in `render_with_layout'
C:/RailsInstaller/Ruby1.9.3/lib/ruby/gems/1.9.1/gems/actionpack-3.2.1/lib/action_view/renderer/template_renderer.rb:39:in `render_template'
C:/RailsInstaller/Ruby1.9.3/lib/ruby/gems/1.9.1/gems/actionpack-3.2.1/lib/action_view/renderer/template_renderer.rb:12:in `render'
C:/RailsInstaller/Ruby1.9.3/lib/ruby/gems/1.9.1/gems/actionpack-3.2.1/lib/action_view/renderer/renderer.rb:36:in `render_template'
C:/RailsInstaller/Ruby1.9.3/lib/ruby/gems/1.9.1/gems/actionpack-3.2.1/lib/action_view/renderer/renderer.rb:17:in `render'
C:/RailsInstaller/Ruby1.9.3/lib/ruby/gems/1.9.1/gems/actionpack-3.2.1/lib/abstract_controller/rendering.rb:109:in `_render_template'
C:/RailsInstaller/Ruby1.9.3/lib/ruby/gems/1.9.1/gems/actionpack-3.2.1/lib/action_controller/metal/streaming.rb:225:in `_render_template'
C:/RailsInstaller/Ruby1.9.3/lib/ruby/gems/1.9.1/gems/actionpack-3.2.1/lib/abstract_controller/rendering.rb:103:in `render_to_body'
C:/RailsInstaller/Ruby1.9.3/lib/ruby/gems/1.9.1/gems/actionpack-3.2.1/lib/action_controller/metal/renderers.rb:28:in `render_to_body'
C:/RailsInstaller/Ruby1.9.3/lib/ruby/gems/1.9.1/gems/actionpack-3.2.1/lib/action_controller/metal/compatibility.rb:50:in `render_to_body'
C:/RailsInstaller/Ruby1.9.3/lib/ruby/gems/1.9.1/gems/actionpack-3.2.1/lib/abstract_controller/rendering.rb:88:in `render'
C:/RailsInstaller/Ruby1.9.3/lib/ruby/gems/1.9.1/gems/actionpack-3.2.1/lib/action_controller/metal/rendering.rb:16:in `render'
C:/RailsInstaller/Ruby1.9.3/lib/ruby/gems/1.9.1/gems/actionpack-3.2.1/lib/action_controller/metal/instrumentation.rb:40:in `block (2 levels) in render'
C:/RailsInstaller/Ruby1.9.3/lib/ruby/gems/1.9.1/gems/activesupport-3.2.1/lib/active_support/core_ext/benchmark.rb:5:in `block in ms'
C:/RailsInstaller/Ruby1.9.3/lib/ruby/1.9.1/benchmark.rb:295:in `realtime'
C:/RailsInstaller/Ruby1.9.3/lib/ruby/gems/1.9.1/gems/activesupport-3.2.1/lib/active_support/core_ext/benchmark.rb:5:in `ms'
C:/RailsInstaller/Ruby1.9.3/lib/ruby/gems/1.9.1/gems/actionpack-3.2.1/lib/action_controller/metal/instrumentation.rb:40:in `block in render'
C:/RailsInstaller/Ruby1.9.3/lib/ruby/gems/1.9.1/gems/actionpack-3.2.1/lib/action_controller/metal/instrumentation.rb:83:in `cleanup_view_runtime'
C:/RailsInstaller/Ruby1.9.3/lib/ruby/gems/1.9.1/gems/activerecord-3.2.1/lib/active_record/railties/controller_runtime.rb:24:in `cleanup_view_runtime'
C:/RailsInstaller/Ruby1.9.3/lib/ruby/gems/1.9.1/gems/actionpack-3.2.1/lib/action_controller/metal/instrumentation.rb:39:in `render'
C:/RailsInstaller/Ruby1.9.3/lib/ruby/gems/1.9.1/gems/actionpack-3.2.1/lib/action_controller/metal/implicit_render.rb:10:in `default_render'
C:/RailsInstaller/Ruby1.9.3/lib/ruby/gems/1.9.1/gems/actionpack-3.2.1/lib/action_controller/metal/mime_responds.rb:268:in `block in retrieve_response_from_mimes'
C:/RailsInstaller/Ruby1.9.3/lib/ruby/gems/1.9.1/gems/actionpack-3.2.1/lib/action_controller/metal/mime_responds.rb:195:in `call'
C:/RailsInstaller/Ruby1.9.3/lib/ruby/gems/1.9.1/gems/actionpack-3.2.1/lib/action_controller/metal/mime_responds.rb:195:in `respond_to'
C:/Sites/DEW-2012-1-M2-PC02/twitter/app/controllers/tweets_controller.rb:8:in `index'
C:/RailsInstaller/Ruby1.9.3/lib/ruby/gems/1.9.1/gems/actionpack-3.2.1/lib/action_controller/metal/implicit_render.rb:4:in `send_action'
C:/RailsInstaller/Ruby1.9.3/lib/ruby/gems/1.9.1/gems/actionpack-3.2.1/lib/abstract_controller/base.rb:167:in `process_action'
C:/RailsInstaller/Ruby1.9.3/lib/ruby/gems/1.9.1/gems/actionpack-3.2.1/lib/action_controller/metal/rendering.rb:10:in `process_action'
C:/RailsInstaller/Ruby1.9.3/lib/ruby/gems/1.9.1/gems/actionpack-3.2.1/lib/abstract_controller/callbacks.rb:18:in `block in process_action'
C:/RailsInstaller/Ruby1.9.3/lib/ruby/gems/1.9.1/gems/activesupport-3.2.1/lib/active_support/callbacks.rb:414:in `_run__88224451__process_action__882334411__callbacks'
C:/RailsInstaller/Ruby1.9.3/lib/ruby/gems/1.9.1/gems/activesupport-3.2.1/lib/active_support/callbacks.rb:405:in `__run_callback'
C:/RailsInstaller/Ruby1.9.3/lib/ruby/gems/1.9.1/gems/activesupport-3.2.1/lib/active_support/callbacks.rb:385:in `_run_process_action_callbacks'
C:/RailsInstaller/Ruby1.9.3/lib/ruby/gems/1.9.1/gems/activesupport-3.2.1/lib/active_support/callbacks.rb:81:in `run_callbacks'
C:/RailsInstaller/Ruby1.9.3/lib/ruby/gems/1.9.1/gems/actionpack-3.2.1/lib/abstract_controller/callbacks.rb:17:in `process_action'
C:/RailsInstaller/Ruby1.9.3/lib/ruby/gems/1.9.1/gems/actionpack-3.2.1/lib/action_controller/metal/rescue.rb:29:in `process_action'
C:/RailsInstaller/Ruby1.9.3/lib/ruby/gems/1.9.1/gems/actionpack-3.2.1/lib/action_controller/metal/instrumentation.rb:30:in `block in process_action'
C:/RailsInstaller/Ruby1.9.3/lib/ruby/gems/1.9.1/gems/activesupport-3.2.1/lib/active_support/notifications.rb:123:in `block in instrument'
C:/RailsInstaller/Ruby1.9.3/lib/ruby/gems/1.9.1/gems/activesupport-3.2.1/lib/active_support/notifications/instrumenter.rb:20:in `instrument'
C:/RailsInstaller/Ruby1.9.3/lib/ruby/gems/1.9.1/gems/activesupport-3.2.1/lib/active_support/notifications.rb:123:in `instrument'
C:/RailsInstaller/Ruby1.9.3/lib/ruby/gems/1.9.1/gems/actionpack-3.2.1/lib/action_controller/metal/instrumentation.rb:29:in `process_action'
C:/RailsInstaller/Ruby1.9.3/lib/ruby/gems/1.9.1/gems/actionpack-3.2.1/lib/action_controller/metal/params_wrapper.rb:205:in `process_action'
C:/RailsInstaller/Ruby1.9.3/lib/ruby/gems/1.9.1/gems/activerecord-3.2.1/lib/active_record/railties/controller_runtime.rb:18:in `process_action'
C:/RailsInstaller/Ruby1.9.3/lib/ruby/gems/1.9.1/gems/actionpack-3.2.1/lib/abstract_controller/base.rb:121:in `process'
C:/RailsInstaller/Ruby1.9.3/lib/ruby/gems/1.9.1/gems/actionpack-3.2.1/lib/abstract_controller/rendering.rb:45:in `process'
C:/RailsInstaller/Ruby1.9.3/lib/ruby/gems/1.9.1/gems/actionpack-3.2.1/lib/action_controller/metal.rb:203:in `dispatch'
C:/RailsInstaller/Ruby1.9.3/lib/ruby/gems/1.9.1/gems/actionpack-3.2.1/lib/action_controller/metal/rack_delegation.rb:14:in `dispatch'
C:/RailsInstaller/Ruby1.9.3/lib/ruby/gems/1.9.1/gems/actionpack-3.2.1/lib/action_controller/metal.rb:246:in `block in action'
C:/RailsInstaller/Ruby1.9.3/lib/ruby/gems/1.9.1/gems/actionpack-3.2.1/lib/action_dispatch/routing/route_set.rb:66:in `call'
C:/RailsInstaller/Ruby1.9.3/lib/ruby/gems/1.9.1/gems/actionpack-3.2.1/lib/action_dispatch/routing/route_set.rb:66:in `dispatch'
C:/RailsInstaller/Ruby1.9.3/lib/ruby/gems/1.9.1/gems/actionpack-3.2.1/lib/action_dispatch/routing/route_set.rb:30:in `call'
C:/RailsInstaller/Ruby1.9.3/lib/ruby/gems/1.9.1/gems/journey-1.0.3/lib/journey/router.rb:68:in `block in call'
C:/RailsInstaller/Ruby1.9.3/lib/ruby/gems/1.9.1/gems/journey-1.0.3/lib/journey/router.rb:56:in `each'
C:/RailsInstaller/Ruby1.9.3/lib/ruby/gems/1.9.1/gems/journey-1.0.3/lib/journey/router.rb:56:in `call'
C:/RailsInstaller/Ruby1.9.3/lib/ruby/gems/1.9.1/gems/actionpack-3.2.1/lib/action_dispatch/routing/route_set.rb:589:in `call'
C:/RailsInstaller/Ruby1.9.3/lib/ruby/gems/1.9.1/gems/actionpack-3.2.1/lib/action_dispatch/middleware/best_standards_support.rb:17:in `call'
C:/RailsInstaller/Ruby1.9.3/lib/ruby/gems/1.9.1/gems/rack-1.4.1/lib/rack/etag.rb:23:in `call'
C:/RailsInstaller/Ruby1.9.3/lib/ruby/gems/1.9.1/gems/rack-1.4.1/lib/rack/conditionalget.rb:25:in `call'
C:/RailsInstaller/Ruby1.9.3/lib/ruby/gems/1.9.1/gems/actionpack-3.2.1/lib/action_dispatch/middleware/head.rb:14:in `call'
C:/RailsInstaller/Ruby1.9.3/lib/ruby/gems/1.9.1/gems/actionpack-3.2.1/lib/action_dispatch/middleware/params_parser.rb:21:in `call'
C:/RailsInstaller/Ruby1.9.3/lib/ruby/gems/1.9.1/gems/actionpack-3.2.1/lib/action_dispatch/middleware/flash.rb:242:in `call'
C:/RailsInstaller/Ruby1.9.3/lib/ruby/gems/1.9.1/gems/rack-1.4.1/lib/rack/session/abstract/id.rb:205:in `context'
C:/RailsInstaller/Ruby1.9.3/lib/ruby/gems/1.9.1/gems/rack-1.4.1/lib/rack/session/abstract/id.rb:200:in `call'
C:/RailsInstaller/Ruby1.9.3/lib/ruby/gems/1.9.1/gems/actionpack-3.2.1/lib/action_dispatch/middleware/cookies.rb:338:in `call'
C:/RailsInstaller/Ruby1.9.3/lib/ruby/gems/1.9.1/gems/activerecord-3.2.1/lib/active_record/query_cache.rb:64:in `call'
C:/RailsInstaller/Ruby1.9.3/lib/ruby/gems/1.9.1/gems/activerecord-3.2.1/lib/active_record/connection_adapters/abstract/connection_pool.rb:443:in `call'
C:/RailsInstaller/Ruby1.9.3/lib/ruby/gems/1.9.1/gems/actionpack-3.2.1/lib/action_dispatch/middleware/callbacks.rb:28:in `block in call'
C:/RailsInstaller/Ruby1.9.3/lib/ruby/gems/1.9.1/gems/activesupport-3.2.1/lib/active_support/callbacks.rb:405:in `_run__410167278__call__585489140__callbacks'
C:/RailsInstaller/Ruby1.9.3/lib/ruby/gems/1.9.1/gems/activesupport-3.2.1/lib/active_support/callbacks.rb:405:in `__run_callback'
C:/RailsInstaller/Ruby1.9.3/lib/ruby/gems/1.9.1/gems/activesupport-3.2.1/lib/active_support/callbacks.rb:385:in `_run_call_callbacks'
C:/RailsInstaller/Ruby1.9.3/lib/ruby/gems/1.9.1/gems/activesupport-3.2.1/lib/active_support/callbacks.rb:81:in `run_callbacks'
C:/RailsInstaller/Ruby1.9.3/lib/ruby/gems/1.9.1/gems/actionpack-3.2.1/lib/action_dispatch/middleware/callbacks.rb:27:in `call'
C:/RailsInstaller/Ruby1.9.3/lib/ruby/gems/1.9.1/gems/actionpack-3.2.1/lib/action_dispatch/middleware/reloader.rb:65:in `call'
C:/RailsInstaller/Ruby1.9.3/lib/ruby/gems/1.9.1/gems/actionpack-3.2.1/lib/action_dispatch/middleware/remote_ip.rb:31:in `call'
C:/RailsInstaller/Ruby1.9.3/lib/ruby/gems/1.9.1/gems/actionpack-3.2.1/lib/action_dispatch/middleware/debug_exceptions.rb:16:in `call'
C:/RailsInstaller/Ruby1.9.3/lib/ruby/gems/1.9.1/gems/actionpack-3.2.1/lib/action_dispatch/middleware/show_exceptions.rb:56:in `call'
C:/RailsInstaller/Ruby1.9.3/lib/ruby/gems/1.9.1/gems/railties-3.2.1/lib/rails/rack/logger.rb:26:in `call_app'
C:/RailsInstaller/Ruby1.9.3/lib/ruby/gems/1.9.1/gems/railties-3.2.1/lib/rails/rack/logger.rb:16:in `call'
C:/RailsInstaller/Ruby1.9.3/lib/ruby/gems/1.9.1/gems/actionpack-3.2.1/lib/action_dispatch/middleware/request_id.rb:22:in `call'
C:/RailsInstaller/Ruby1.9.3/lib/ruby/gems/1.9.1/gems/rack-1.4.1/lib/rack/methodoverride.rb:21:in `call'
C:/RailsInstaller/Ruby1.9.3/lib/ruby/gems/1.9.1/gems/rack-1.4.1/lib/rack/runtime.rb:17:in `call'
C:/RailsInstaller/Ruby1.9.3/lib/ruby/gems/1.9.1/gems/activesupport-3.2.1/lib/active_support/cache/strategy/local_cache.rb:72:in `call'
C:/RailsInstaller/Ruby1.9.3/lib/ruby/gems/1.9.1/gems/rack-1.4.1/lib/rack/lock.rb:15:in `call'
C:/RailsInstaller/Ruby1.9.3/lib/ruby/gems/1.9.1/gems/actionpack-3.2.1/lib/action_dispatch/middleware/static.rb:53:in `call'
C:/RailsInstaller/Ruby1.9.3/lib/ruby/gems/1.9.1/gems/railties-3.2.1/lib/rails/engine.rb:479:in `call'
C:/RailsInstaller/Ruby1.9.3/lib/ruby/gems/1.9.1/gems/railties-3.2.1/lib/rails/application.rb:220:in `call'
C:/RailsInstaller/Ruby1.9.3/lib/ruby/gems/1.9.1/gems/rack-1.4.1/lib/rack/content_length.rb:14:in `call'
C:/RailsInstaller/Ruby1.9.3/lib/ruby/gems/1.9.1/gems/railties-3.2.1/lib/rails/rack/log_tailer.rb:14:in `call'
C:/RailsInstaller/Ruby1.9.3/lib/ruby/gems/1.9.1/gems/rack-1.4.1/lib/rack/handler/webrick.rb:59:in `service'
C:/RailsInstaller/Ruby1.9.3/lib/ruby/1.9.1/webrick/httpserver.rb:138:in `service'
C:/RailsInstaller/Ruby1.9.3/lib/ruby/1.9.1/webrick/httpserver.rb:94:in `run'
C:/RailsInstaller/Ruby1.9.3/lib/ruby/1.9.1/webrick/server.rb:191:in `block in start_thread'
  Rendered tweets/index.html.erb within layouts/application (75.0ms)
Completed 500 Internal Server Error in 290ms

ActionView::Template::Error (C:/Sites/DEW-2012-1-M2-PC02/twitter/app/views/tweets/index.html.erb:5: syntax error, unexpected tIDENTIFIER, expecting ')'
...end= ( f.label :usuario twitter );@output_buffer.safe_concat...
...                               ^):
    2: 
    3: <%= form_for(@tweet, :url => "user") do |f| %>
    4:   <div class="field">
    5:     <%= f.label :usuario twitter %><br />
    6:     <%= f.text_field :user %>
    7:   </div>
    8:   <div class="actions">
  app/controllers/tweets_controller.rb:8:in `index'


  Rendered C:/RailsInstaller/Ruby1.9.3/lib/ruby/gems/1.9.1/gems/actionpack-3.2.1/lib/action_dispatch/middleware/templates/rescues/_trace.erb (6.0ms)
  Rendered C:/RailsInstaller/Ruby1.9.3/lib/ruby/gems/1.9.1/gems/actionpack-3.2.1/lib/action_dispatch/middleware/templates/rescues/_request_and_response.erb (2.0ms)
  Rendered C:/RailsInstaller/Ruby1.9.3/lib/ruby/gems/1.9.1/gems/actionpack-3.2.1/lib/action_dispatch/middleware/templates/rescues/template_error.erb within rescues/layout (14.0ms)


Started GET "/tweets" for 127.0.0.1 at 2012-08-09 03:46:17 -0500
Processing by TweetsController#index as HTML
  [1m[36mTweet Load (1.0ms)[0m  [1mSELECT "tweets".* FROM "tweets" [0m
  [1m[35m (0.0ms)[0m  begin transaction
  [1m[36mSQL (1.0ms)[0m  [1mINSERT INTO "tweets" ("created_at", "message", "status", "updated_at", "user") VALUES (?, ?, ?, ?, ?)[0m  [["created_at", Thu, 09 Aug 2012 08:46:17 UTC +00:00], ["message", nil], ["status", nil], ["updated_at", Thu, 09 Aug 2012 08:46:17 UTC +00:00], ["user", nil]]
  [1m[35m (145.0ms)[0m  commit transaction
  Rendered tweets/index.html.erb within layouts/application (6.0ms)
Completed 200 OK in 169ms (Views: 18.0ms | ActiveRecord: 147.0ms)


Started GET "/assets/application.css?body=1" for 127.0.0.1 at 2012-08-09 03:46:17 -0500
Served asset /application.css - 304 Not Modified (0ms)


Started GET "/assets/scaffolds.css?body=1" for 127.0.0.1 at 2012-08-09 03:46:17 -0500
Served asset /scaffolds.css - 304 Not Modified (0ms)


Started GET "/assets/jquery.js?body=1" for 127.0.0.1 at 2012-08-09 03:46:17 -0500
Served asset /jquery.js - 304 Not Modified (0ms)


Started GET "/assets/tweets.css?body=1" for 127.0.0.1 at 2012-08-09 03:46:17 -0500
Served asset /tweets.css - 304 Not Modified (0ms)


Started GET "/assets/jquery_ujs.js?body=1" for 127.0.0.1 at 2012-08-09 03:46:17 -0500
Served asset /jquery_ujs.js - 304 Not Modified (0ms)


Started GET "/assets/application.js?body=1" for 127.0.0.1 at 2012-08-09 03:46:17 -0500
Served asset /application.js - 304 Not Modified (1ms)


Started GET "/assets/tweets.js?body=1" for 127.0.0.1 at 2012-08-09 03:46:17 -0500
Served asset /tweets.js - 304 Not Modified (1ms)


Started PUT "/user" for 127.0.0.1 at 2012-08-09 03:46:41 -0500
Processing by TweetsController#read_message as HTML
  Parameters: {"utf8"=>"✓", "authenticity_token"=>"ecx4ULkICrjVhxhcZ9eDB4Q/KrcRQDkfhmSgOTiaveA=", "tweet"=>{"user"=>"elcomercio"}, "commit"=>"Ver ultimo Tweet"}
  Rendered tweets/read_message.html.erb within layouts/application (1057.1ms)
Completed 200 OK in 1085ms (Views: 1083.1ms | ActiveRecord: 0.0ms)


Started GET "/assets/application.css?body=1" for 127.0.0.1 at 2012-08-09 03:46:42 -0500
Served asset /application.css - 304 Not Modified (1ms)


Started GET "/assets/scaffolds.css?body=1" for 127.0.0.1 at 2012-08-09 03:46:42 -0500
Served asset /scaffolds.css - 304 Not Modified (0ms)


Started GET "/assets/tweets.css?body=1" for 127.0.0.1 at 2012-08-09 03:46:42 -0500
Served asset /tweets.css - 304 Not Modified (0ms)


Started GET "/assets/jquery.js?body=1" for 127.0.0.1 at 2012-08-09 03:46:42 -0500
Served asset /jquery.js - 304 Not Modified (1ms)


Started GET "/assets/jquery_ujs.js?body=1" for 127.0.0.1 at 2012-08-09 03:46:42 -0500
Served asset /jquery_ujs.js - 304 Not Modified (1ms)


Started GET "/assets/tweets.js?body=1" for 127.0.0.1 at 2012-08-09 03:46:42 -0500
Served asset /tweets.js - 304 Not Modified (0ms)


Started GET "/assets/application.js?body=1" for 127.0.0.1 at 2012-08-09 03:46:42 -0500
Served asset /application.js - 304 Not Modified (0ms)


Started GET "/tweets" for 127.0.0.1 at 2012-08-09 03:49:16 -0500
Processing by TweetsController#index as HTML
  [1m[36mTweet Load (0.0ms)[0m  [1mSELECT "tweets".* FROM "tweets" [0m
  [1m[35m (0.0ms)[0m  begin transaction
  [1m[36mSQL (2.0ms)[0m  [1mINSERT INTO "tweets" ("created_at", "message", "status", "updated_at", "user") VALUES (?, ?, ?, ?, ?)[0m  [["created_at", Thu, 09 Aug 2012 08:49:16 UTC +00:00], ["message", nil], ["status", nil], ["updated_at", Thu, 09 Aug 2012 08:49:16 UTC +00:00], ["user", nil]]
  [1m[35m (133.0ms)[0m  commit transaction
  Rendered tweets/index.html.erb within layouts/application (13.0ms)
Completed 200 OK in 190ms (Views: 41.0ms | ActiveRecord: 135.0ms)


Started GET "/assets/jquery.js?body=1" for 127.0.0.1 at 2012-08-09 03:49:17 -0500
Served asset /jquery.js - 304 Not Modified (0ms)


Started GET "/assets/scaffolds.css?body=1" for 127.0.0.1 at 2012-08-09 03:49:17 -0500
Served asset /scaffolds.css - 304 Not Modified (1ms)


Started GET "/assets/tweets.css?body=1" for 127.0.0.1 at 2012-08-09 03:49:17 -0500
Served asset /tweets.css - 304 Not Modified (1ms)


Started GET "/assets/jquery_ujs.js?body=1" for 127.0.0.1 at 2012-08-09 03:49:17 -0500
Served asset /jquery_ujs.js - 304 Not Modified (0ms)


Started GET "/assets/application.css?body=1" for 127.0.0.1 at 2012-08-09 03:49:17 -0500
Served asset /application.css - 304 Not Modified (0ms)


Started GET "/assets/tweets.js?body=1" for 127.0.0.1 at 2012-08-09 03:49:17 -0500
Served asset /tweets.js - 304 Not Modified (0ms)


Started GET "/assets/application.js?body=1" for 127.0.0.1 at 2012-08-09 03:49:17 -0500
Served asset /application.js - 304 Not Modified (0ms)


Started PUT "/user" for 127.0.0.1 at 2012-08-09 03:49:26 -0500
Processing by TweetsController#read_message as HTML
  Parameters: {"utf8"=>"✓", "authenticity_token"=>"ecx4ULkICrjVhxhcZ9eDB4Q/KrcRQDkfhmSgOTiaveA=", "tweet"=>{"user"=>"elcomercio"}, "commit"=>"Ver ultimo Tweet"}
  Rendered tweets/read_message.html.erb within layouts/application (1297.1ms)
Completed 200 OK in 1317ms (Views: 1316.1ms | ActiveRecord: 0.0ms)


Started GET "/assets/application.css?body=1" for 127.0.0.1 at 2012-08-09 03:49:27 -0500
Served asset /application.css - 304 Not Modified (0ms)


Started GET "/assets/scaffolds.css?body=1" for 127.0.0.1 at 2012-08-09 03:49:27 -0500
Served asset /scaffolds.css - 304 Not Modified (0ms)


Started GET "/assets/tweets.css?body=1" for 127.0.0.1 at 2012-08-09 03:49:28 -0500
Served asset /tweets.css - 304 Not Modified (0ms)


Started GET "/assets/jquery.js?body=1" for 127.0.0.1 at 2012-08-09 03:49:28 -0500
Served asset /jquery.js - 304 Not Modified (0ms)


Started GET "/assets/jquery_ujs.js?body=1" for 127.0.0.1 at 2012-08-09 03:49:28 -0500
Served asset /jquery_ujs.js - 304 Not Modified (0ms)


Started GET "/assets/tweets.js?body=1" for 127.0.0.1 at 2012-08-09 03:49:28 -0500
Served asset /tweets.js - 304 Not Modified (0ms)


Started GET "/assets/application.js?body=1" for 127.0.0.1 at 2012-08-09 03:49:28 -0500
Served asset /application.js - 304 Not Modified (0ms)


Started PUT "/user" for 127.0.0.1 at 2012-08-09 03:49:36 -0500
Processing by TweetsController#read_message as HTML
  Parameters: {"utf8"=>"✓", "authenticity_token"=>"ecx4ULkICrjVhxhcZ9eDB4Q/KrcRQDkfhmSgOTiaveA=", "tweet"=>{"user"=>"josetong1"}, "commit"=>"Ver ultimo Tweet"}
  Rendered tweets/read_message.html.erb within layouts/application (963.1ms)
Completed 500 Internal Server Error in 971ms

ActionView::Template::Error (undefined method `text' for nil:NilClass):
    1: <%= @tweet.read_message %>
  app/models/tweet.rb:18:in `read_message'
  app/views/tweets/read_message.html.erb:1:in `_app_views_tweets_read_message_html_erb__61741549_29336652'
  app/controllers/tweets_controller.rb:100:in `read_message'


  Rendered C:/RailsInstaller/Ruby1.9.3/lib/ruby/gems/1.9.1/gems/actionpack-3.2.1/lib/action_dispatch/middleware/templates/rescues/_trace.erb (6.0ms)
  Rendered C:/RailsInstaller/Ruby1.9.3/lib/ruby/gems/1.9.1/gems/actionpack-3.2.1/lib/action_dispatch/middleware/templates/rescues/_request_and_response.erb (4.0ms)
  Rendered C:/RailsInstaller/Ruby1.9.3/lib/ruby/gems/1.9.1/gems/actionpack-3.2.1/lib/action_dispatch/middleware/templates/rescues/template_error.erb within rescues/layout (17.0ms)


Started PUT "/user" for 127.0.0.1 at 2012-08-09 03:49:59 -0500
Processing by TweetsController#read_message as HTML
  Parameters: {"utf8"=>"✓", "authenticity_token"=>"ecx4ULkICrjVhxhcZ9eDB4Q/KrcRQDkfhmSgOTiaveA=", "tweet"=>{"user"=>"elcomercio"}, "commit"=>"Ver ultimo Tweet"}
  Rendered tweets/read_message.html.erb within layouts/application (1122.1ms)
Completed 200 OK in 1144ms (Views: 1143.1ms | ActiveRecord: 0.0ms)


Started GET "/assets/application.css?body=1" for 127.0.0.1 at 2012-08-09 03:50:00 -0500
Served asset /application.css - 304 Not Modified (0ms)


Started GET "/assets/scaffolds.css?body=1" for 127.0.0.1 at 2012-08-09 03:50:00 -0500
Served asset /scaffolds.css - 304 Not Modified (0ms)


Started GET "/assets/tweets.css?body=1" for 127.0.0.1 at 2012-08-09 03:50:00 -0500
Served asset /tweets.css - 304 Not Modified (0ms)


Started GET "/assets/jquery_ujs.js?body=1" for 127.0.0.1 at 2012-08-09 03:50:00 -0500
Served asset /jquery_ujs.js - 304 Not Modified (0ms)


Started GET "/assets/tweets.js?body=1" for 127.0.0.1 at 2012-08-09 03:50:00 -0500
Served asset /tweets.js - 304 Not Modified (0ms)


Started GET "/assets/jquery.js?body=1" for 127.0.0.1 at 2012-08-09 03:50:00 -0500
Served asset /jquery.js - 304 Not Modified (1ms)


Started GET "/assets/application.js?body=1" for 127.0.0.1 at 2012-08-09 03:50:00 -0500
Served asset /application.js - 304 Not Modified (2ms)


Started PUT "/user" for 127.0.0.1 at 2012-08-09 03:52:40 -0500
Processing by TweetsController#read_message as HTML
  Parameters: {"utf8"=>"✓", "authenticity_token"=>"ecx4ULkICrjVhxhcZ9eDB4Q/KrcRQDkfhmSgOTiaveA=", "tweet"=>{"user"=>"revista caretas"}, "commit"=>"Ver ultimo Tweet"}
  Rendered tweets/read_message.html.erb within layouts/application (967.1ms)
Completed 500 Internal Server Error in 973ms

ActionView::Template::Error (undefined method `text' for nil:NilClass):
    1: <%= @tweet.read_message %>
  app/models/tweet.rb:18:in `read_message'
  app/views/tweets/read_message.html.erb:1:in `_app_views_tweets_read_message_html_erb__61741549_29336652'
  app/controllers/tweets_controller.rb:100:in `read_message'


  Rendered C:/RailsInstaller/Ruby1.9.3/lib/ruby/gems/1.9.1/gems/actionpack-3.2.1/lib/action_dispatch/middleware/templates/rescues/_trace.erb (5.0ms)
  Rendered C:/RailsInstaller/Ruby1.9.3/lib/ruby/gems/1.9.1/gems/actionpack-3.2.1/lib/action_dispatch/middleware/templates/rescues/_request_and_response.erb (2.0ms)
  Rendered C:/RailsInstaller/Ruby1.9.3/lib/ruby/gems/1.9.1/gems/actionpack-3.2.1/lib/action_dispatch/middleware/templates/rescues/template_error.erb within rescues/layout (14.0ms)


Started PUT "/user" for 127.0.0.1 at 2012-08-09 03:52:49 -0500
Processing by TweetsController#read_message as HTML
  Parameters: {"utf8"=>"✓", "authenticity_token"=>"ecx4ULkICrjVhxhcZ9eDB4Q/KrcRQDkfhmSgOTiaveA=", "tweet"=>{"user"=>"revistacaretas"}, "commit"=>"Ver ultimo Tweet"}
  Rendered tweets/read_message.html.erb within layouts/application (953.1ms)
Completed 200 OK in 975ms (Views: 974.1ms | ActiveRecord: 0.0ms)


Started GET "/assets/application.css?body=1" for 127.0.0.1 at 2012-08-09 03:52:50 -0500
Served asset /application.css - 304 Not Modified (2ms)


Started GET "/assets/scaffolds.css?body=1" for 127.0.0.1 at 2012-08-09 03:52:50 -0500
Served asset /scaffolds.css - 304 Not Modified (0ms)


Started GET "/assets/tweets.css?body=1" for 127.0.0.1 at 2012-08-09 03:52:50 -0500
Served asset /tweets.css - 304 Not Modified (0ms)


Started GET "/assets/jquery.js?body=1" for 127.0.0.1 at 2012-08-09 03:52:50 -0500
Served asset /jquery.js - 304 Not Modified (0ms)


Started GET "/assets/tweets.js?body=1" for 127.0.0.1 at 2012-08-09 03:52:51 -0500
Served asset /tweets.js - 304 Not Modified (0ms)


Started GET "/assets/jquery_ujs.js?body=1" for 127.0.0.1 at 2012-08-09 03:52:51 -0500
Served asset /jquery_ujs.js - 304 Not Modified (0ms)


Started GET "/assets/application.js?body=1" for 127.0.0.1 at 2012-08-09 03:52:51 -0500
Served asset /application.js - 304 Not Modified (0ms)


Started PUT "/user" for 127.0.0.1 at 2012-08-09 03:53:15 -0500
Processing by TweetsController#read_message as HTML
  Parameters: {"utf8"=>"✓", "authenticity_token"=>"ecx4ULkICrjVhxhcZ9eDB4Q/KrcRQDkfhmSgOTiaveA=", "tweet"=>{"user"=>"revistacaretas"}, "commit"=>"Ver ultimo Tweet"}
  Rendered tweets/read_message.html.erb within layouts/application (992.1ms)
Completed 200 OK in 1010ms (Views: 1010.1ms | ActiveRecord: 0.0ms)


Started GET "/assets/application.css?body=1" for 127.0.0.1 at 2012-08-09 03:53:16 -0500
Served asset /application.css - 304 Not Modified (1ms)


Started GET "/assets/tweets.css?body=1" for 127.0.0.1 at 2012-08-09 03:53:16 -0500
Served asset /tweets.css - 304 Not Modified (0ms)


Started GET "/assets/jquery_ujs.js?body=1" for 127.0.0.1 at 2012-08-09 03:53:16 -0500
Served asset /jquery_ujs.js - 304 Not Modified (0ms)


Started GET "/assets/scaffolds.css?body=1" for 127.0.0.1 at 2012-08-09 03:53:16 -0500
Served asset /scaffolds.css - 304 Not Modified (0ms)


Started GET "/assets/tweets.js?body=1" for 127.0.0.1 at 2012-08-09 03:53:16 -0500
Served asset /tweets.js - 304 Not Modified (1ms)


Started GET "/assets/jquery.js?body=1" for 127.0.0.1 at 2012-08-09 03:53:16 -0500
Served asset /jquery.js - 304 Not Modified (0ms)


Started GET "/assets/application.js?body=1" for 127.0.0.1 at 2012-08-09 03:53:16 -0500
Served asset /application.js - 304 Not Modified (1ms)


Started PUT "/user" for 127.0.0.1 at 2012-08-09 03:54:12 -0500
Processing by TweetsController#read_message as HTML
  Parameters: {"utf8"=>"✓", "authenticity_token"=>"ecx4ULkICrjVhxhcZ9eDB4Q/KrcRQDkfhmSgOTiaveA=", "tweet"=>{"user"=>"revistacaretas"}, "commit"=>"Ver ultimo Tweet"}
  Rendered tweets/read_message.html.erb within layouts/application (1012.1ms)
Completed 200 OK in 1036ms (Views: 1034.1ms | ActiveRecord: 0.0ms)


Started GET "/assets/scaffolds.css?body=1" for 127.0.0.1 at 2012-08-09 03:54:14 -0500
Served asset /scaffolds.css - 304 Not Modified (0ms)


Started GET "/assets/application.css?body=1" for 127.0.0.1 at 2012-08-09 03:54:14 -0500
Served asset /application.css - 304 Not Modified (1ms)


Started GET "/assets/jquery_ujs.js?body=1" for 127.0.0.1 at 2012-08-09 03:54:14 -0500
Served asset /jquery_ujs.js - 304 Not Modified (0ms)


Started GET "/assets/tweets.css?body=1" for 127.0.0.1 at 2012-08-09 03:54:14 -0500
Served asset /tweets.css - 304 Not Modified (0ms)


Started GET "/assets/tweets.js?body=1" for 127.0.0.1 at 2012-08-09 03:54:14 -0500
Served asset /tweets.js - 304 Not Modified (0ms)


Started GET "/assets/jquery.js?body=1" for 127.0.0.1 at 2012-08-09 03:54:14 -0500
Served asset /jquery.js - 304 Not Modified (0ms)


Started GET "/assets/application.js?body=1" for 127.0.0.1 at 2012-08-09 03:54:14 -0500
Served asset /application.js - 304 Not Modified (1ms)


Started PUT "/user" for 127.0.0.1 at 2012-08-09 03:54:28 -0500
Processing by TweetsController#read_message as HTML
  Parameters: {"utf8"=>"✓", "authenticity_token"=>"ecx4ULkICrjVhxhcZ9eDB4Q/KrcRQDkfhmSgOTiaveA=", "tweet"=>{"user"=>"josetong1"}, "commit"=>"Ver ultimo Tweet"}
  Rendered tweets/read_message.html.erb within layouts/application (983.1ms)
Completed 500 Internal Server Error in 988ms

ActionView::Template::Error (undefined method `text' for nil:NilClass):
    1: <%= @tweet.read_message %>
  app/models/tweet.rb:18:in `read_message'
  app/views/tweets/read_message.html.erb:1:in `_app_views_tweets_read_message_html_erb__61741549_29336652'
  app/controllers/tweets_controller.rb:100:in `read_message'


  Rendered C:/RailsInstaller/Ruby1.9.3/lib/ruby/gems/1.9.1/gems/actionpack-3.2.1/lib/action_dispatch/middleware/templates/rescues/_trace.erb (6.0ms)
  Rendered C:/RailsInstaller/Ruby1.9.3/lib/ruby/gems/1.9.1/gems/actionpack-3.2.1/lib/action_dispatch/middleware/templates/rescues/_request_and_response.erb (2.0ms)
  Rendered C:/RailsInstaller/Ruby1.9.3/lib/ruby/gems/1.9.1/gems/actionpack-3.2.1/lib/action_dispatch/middleware/templates/rescues/template_error.erb within rescues/layout (15.0ms)


Started PUT "/user" for 127.0.0.1 at 2012-08-09 03:55:23 -0500
Processing by TweetsController#read_message as HTML
  Parameters: {"utf8"=>"✓", "authenticity_token"=>"ecx4ULkICrjVhxhcZ9eDB4Q/KrcRQDkfhmSgOTiaveA=", "tweet"=>{"user"=>"jesus navarro"}, "commit"=>"Ver ultimo Tweet"}
  Rendered tweets/read_message.html.erb within layouts/application (998.1ms)
Completed 500 Internal Server Error in 1008ms

ActionView::Template::Error (undefined method `text' for nil:NilClass):
    1: <%= @tweet.read_message %>
  app/models/tweet.rb:18:in `read_message'
  app/views/tweets/read_message.html.erb:1:in `_app_views_tweets_read_message_html_erb__61741549_29336652'
  app/controllers/tweets_controller.rb:100:in `read_message'


  Rendered C:/RailsInstaller/Ruby1.9.3/lib/ruby/gems/1.9.1/gems/actionpack-3.2.1/lib/action_dispatch/middleware/templates/rescues/_trace.erb (8.0ms)
  Rendered C:/RailsInstaller/Ruby1.9.3/lib/ruby/gems/1.9.1/gems/actionpack-3.2.1/lib/action_dispatch/middleware/templates/rescues/_request_and_response.erb (1.0ms)
  Rendered C:/RailsInstaller/Ruby1.9.3/lib/ruby/gems/1.9.1/gems/actionpack-3.2.1/lib/action_dispatch/middleware/templates/rescues/template_error.erb within rescues/layout (17.0ms)


Started PUT "/user" for 127.0.0.1 at 2012-08-09 03:55:33 -0500
Processing by TweetsController#read_message as HTML
  Parameters: {"utf8"=>"✓", "authenticity_token"=>"ecx4ULkICrjVhxhcZ9eDB4Q/KrcRQDkfhmSgOTiaveA=", "tweet"=>{"user"=>"jesusnavarro"}, "commit"=>"Ver ultimo Tweet"}
  Rendered tweets/read_message.html.erb within layouts/application (1008.1ms)
Completed 200 OK in 1024ms (Views: 1023.1ms | ActiveRecord: 0.0ms)


Started GET "/assets/application.css?body=1" for 127.0.0.1 at 2012-08-09 03:55:34 -0500
Served asset /application.css - 304 Not Modified (1ms)


Started GET "/assets/scaffolds.css?body=1" for 127.0.0.1 at 2012-08-09 03:55:35 -0500
Served asset /scaffolds.css - 304 Not Modified (0ms)


Started GET "/assets/tweets.css?body=1" for 127.0.0.1 at 2012-08-09 03:55:35 -0500
Served asset /tweets.css - 304 Not Modified (0ms)


Started GET "/assets/jquery_ujs.js?body=1" for 127.0.0.1 at 2012-08-09 03:55:35 -0500
Served asset /jquery_ujs.js - 304 Not Modified (0ms)


Started GET "/assets/jquery.js?body=1" for 127.0.0.1 at 2012-08-09 03:55:35 -0500
Served asset /jquery.js - 304 Not Modified (0ms)


Started GET "/assets/tweets.js?body=1" for 127.0.0.1 at 2012-08-09 03:55:35 -0500
Served asset /tweets.js - 304 Not Modified (0ms)


Started GET "/assets/application.js?body=1" for 127.0.0.1 at 2012-08-09 03:55:35 -0500
Served asset /application.js - 304 Not Modified (0ms)


Started PUT "/user" for 127.0.0.1 at 2012-08-09 03:58:44 -0500
Processing by TweetsController#read_message as HTML
  Parameters: {"utf8"=>"✓", "authenticity_token"=>"ecx4ULkICrjVhxhcZ9eDB4Q/KrcRQDkfhmSgOTiaveA=", "tweet"=>{"user"=>"caretas"}, "commit"=>"Ver ultimo Tweet"}
  Rendered tweets/read_message.html.erb within layouts/application (1310.1ms)
Completed 200 OK in 1476ms (Views: 1467.1ms | ActiveRecord: 0.0ms)


Started GET "/assets/application.css?body=1" for 127.0.0.1 at 2012-08-09 03:58:50 -0500
Served asset /application.css - 304 Not Modified (10ms)


Started GET "/assets/scaffolds.css?body=1" for 127.0.0.1 at 2012-08-09 03:58:50 -0500
Served asset /scaffolds.css - 304 Not Modified (3ms)


Started GET "/assets/tweets.css?body=1" for 127.0.0.1 at 2012-08-09 03:58:50 -0500
Served asset /tweets.css - 304 Not Modified (6ms)


Started GET "/assets/jquery.js?body=1" for 127.0.0.1 at 2012-08-09 03:58:50 -0500
Served asset /jquery.js - 304 Not Modified (5ms)


Started GET "/assets/jquery_ujs.js?body=1" for 127.0.0.1 at 2012-08-09 03:58:50 -0500
Served asset /jquery_ujs.js - 304 Not Modified (6ms)


Started GET "/assets/tweets.js?body=1" for 127.0.0.1 at 2012-08-09 03:58:50 -0500
Served asset /tweets.js - 304 Not Modified (4ms)


Started GET "/assets/application.js?body=1" for 127.0.0.1 at 2012-08-09 03:58:50 -0500
Served asset /application.js - 304 Not Modified (12ms)


Started PUT "/user" for 127.0.0.1 at 2012-08-09 03:59:13 -0500
Processing by TweetsController#read_message as HTML
  Parameters: {"utf8"=>"✓", "authenticity_token"=>"ecx4ULkICrjVhxhcZ9eDB4Q/KrcRQDkfhmSgOTiaveA=", "tweet"=>{"user"=>"josetong1"}, "commit"=>"Ver ultimo Tweet"}
  Rendered tweets/read_message.html.erb within layouts/application (1914.1ms)
Completed 200 OK in 1960ms (Views: 1958.1ms | ActiveRecord: 0.0ms)


Started GET "/assets/scaffolds.css?body=1" for 127.0.0.1 at 2012-08-09 03:59:15 -0500
Served asset /scaffolds.css - 304 Not Modified (0ms)


Started GET "/assets/application.css?body=1" for 127.0.0.1 at 2012-08-09 03:59:15 -0500
Served asset /application.css - 304 Not Modified (1ms)


Started GET "/assets/tweets.css?body=1" for 127.0.0.1 at 2012-08-09 03:59:15 -0500
Served asset /tweets.css - 304 Not Modified (0ms)


Started GET "/assets/jquery.js?body=1" for 127.0.0.1 at 2012-08-09 03:59:15 -0500
Served asset /jquery.js - 304 Not Modified (0ms)


Started GET "/assets/jquery_ujs.js?body=1" for 127.0.0.1 at 2012-08-09 03:59:15 -0500
Served asset /jquery_ujs.js - 304 Not Modified (0ms)


Started GET "/assets/tweets.js?body=1" for 127.0.0.1 at 2012-08-09 03:59:15 -0500
Served asset /tweets.js - 304 Not Modified (0ms)


Started GET "/assets/application.js?body=1" for 127.0.0.1 at 2012-08-09 03:59:15 -0500
Served asset /application.js - 304 Not Modified (0ms)


Started PUT "/read_text" for 127.0.0.1 at 2012-08-09 03:59:26 -0500
Processing by TweetsController#index as HTML
  Parameters: {"utf8"=>"✓", "authenticity_token"=>"ecx4ULkICrjVhxhcZ9eDB4Q/KrcRQDkfhmSgOTiaveA=", "tweet"=>{"status"=>"holaa"}, "commit"=>"Mostrar Tweet"}
  [1m[36mTweet Load (0.0ms)[0m  [1mSELECT "tweets".* FROM "tweets" [0m
  [1m[35m (0.0ms)[0m  begin transaction
  [1m[36mSQL (42.0ms)[0m  [1mINSERT INTO "tweets" ("created_at", "message", "status", "updated_at", "user") VALUES (?, ?, ?, ?, ?)[0m  [["created_at", Thu, 09 Aug 2012 08:59:26 UTC +00:00], ["message", nil], ["status", "holaa"], ["updated_at", Thu, 09 Aug 2012 08:59:26 UTC +00:00], ["user", nil]]
  [1m[35m (130.0ms)[0m  commit transaction
  Rendered tweets/index.html.erb within layouts/application (1047.1ms)
Completed 500 Internal Server Error in 1244ms

ActionView::Template::Error (Sorry, that page does not exist):
    24: <br />
    25: 
    26: <%= form_for(@tweet) do |f| %>
    27:   <% @tweet.message = @tweet.index %>
    28:   
    29:   <div class="field">
    30:     <%= f.label :Tweet %><br />
  app/models/tweet.rb:13:in `index'
  app/views/tweets/index.html.erb:27:in `block in _app_views_tweets_index_html_erb___149940159_28020960'
  app/views/tweets/index.html.erb:26:in `_app_views_tweets_index_html_erb___149940159_28020960'
  app/controllers/tweets_controller.rb:8:in `index'


  Rendered C:/RailsInstaller/Ruby1.9.3/lib/ruby/gems/1.9.1/gems/actionpack-3.2.1/lib/action_dispatch/middleware/templates/rescues/_trace.erb (6.0ms)
  Rendered C:/RailsInstaller/Ruby1.9.3/lib/ruby/gems/1.9.1/gems/actionpack-3.2.1/lib/action_dispatch/middleware/templates/rescues/_request_and_response.erb (2.0ms)
  Rendered C:/RailsInstaller/Ruby1.9.3/lib/ruby/gems/1.9.1/gems/actionpack-3.2.1/lib/action_dispatch/middleware/templates/rescues/template_error.erb within rescues/layout (44.0ms)


Started PUT "/user" for 127.0.0.1 at 2012-08-09 04:04:25 -0500
Processing by TweetsController#read_message as HTML
  Parameters: {"utf8"=>"✓", "authenticity_token"=>"ecx4ULkICrjVhxhcZ9eDB4Q/KrcRQDkfhmSgOTiaveA=", "tweet"=>{"user"=>"josetong1"}, "commit"=>"Ver ultimo Tweet"}
  Rendered tweets/read_message.html.erb within layouts/application (980.1ms)
Completed 200 OK in 1002ms (Views: 1000.1ms | ActiveRecord: 0.0ms)


Started GET "/assets/application.css?body=1" for 127.0.0.1 at 2012-08-09 04:04:26 -0500
Served asset /application.css - 304 Not Modified (0ms)


Started GET "/assets/scaffolds.css?body=1" for 127.0.0.1 at 2012-08-09 04:04:26 -0500
Served asset /scaffolds.css - 304 Not Modified (0ms)


Started GET "/assets/tweets.css?body=1" for 127.0.0.1 at 2012-08-09 04:04:27 -0500
Served asset /tweets.css - 304 Not Modified (0ms)


Started GET "/assets/tweets.js?body=1" for 127.0.0.1 at 2012-08-09 04:04:27 -0500
Served asset /tweets.js - 304 Not Modified (0ms)


Started GET "/assets/jquery.js?body=1" for 127.0.0.1 at 2012-08-09 04:04:27 -0500
Served asset /jquery.js - 304 Not Modified (0ms)


Started GET "/assets/jquery_ujs.js?body=1" for 127.0.0.1 at 2012-08-09 04:04:27 -0500
Served asset /jquery_ujs.js - 304 Not Modified (0ms)


Started GET "/assets/application.js?body=1" for 127.0.0.1 at 2012-08-09 04:04:27 -0500
Served asset /application.js - 304 Not Modified (2ms)


Started PUT "/tweets/14" for 127.0.0.1 at 2012-08-09 04:04:35 -0500
Processing by TweetsController#update as HTML
  Parameters: {"utf8"=>"✓", "authenticity_token"=>"ecx4ULkICrjVhxhcZ9eDB4Q/KrcRQDkfhmSgOTiaveA=", "tweet"=>{"message"=>"sin status"}, "commit"=>"Agendar Tweet", "id"=>"14"}
  [1m[36mTweet Load (0.0ms)[0m  [1mSELECT "tweets".* FROM "tweets" WHERE "tweets"."id" = ? LIMIT 1[0m  [["id", "14"]]
  [1m[35m (0.0ms)[0m  begin transaction
  [1m[36m (1.0ms)[0m  [1mUPDATE "tweets" SET "message" = 'sin status', "updated_at" = '2012-08-09 09:04:35.336268' WHERE "tweets"."id" = 14[0m
  [1m[35m (232.0ms)[0m  commit transaction
Redirected to http://localhost:3000/tweets
Completed 302 Found in 241ms (ActiveRecord: 233.0ms)


Started GET "/tweets" for 127.0.0.1 at 2012-08-09 04:04:35 -0500
Processing by TweetsController#index as HTML
  [1m[36mTweet Load (1.0ms)[0m  [1mSELECT "tweets".* FROM "tweets" [0m
  [1m[35m (0.0ms)[0m  begin transaction
  [1m[36mSQL (1.0ms)[0m  [1mINSERT INTO "tweets" ("created_at", "message", "status", "updated_at", "user") VALUES (?, ?, ?, ?, ?)[0m  [["created_at", Thu, 09 Aug 2012 09:04:35 UTC +00:00], ["message", nil], ["status", nil], ["updated_at", Thu, 09 Aug 2012 09:04:35 UTC +00:00], ["user", nil]]
  [1m[35m (114.0ms)[0m  commit transaction
  Rendered tweets/index.html.erb within layouts/application (13.0ms)
Completed 200 OK in 162ms (Views: 41.0ms | ActiveRecord: 116.0ms)


Started GET "/assets/application.css?body=1" for 127.0.0.1 at 2012-08-09 04:04:35 -0500
Served asset /application.css - 304 Not Modified (0ms)


Started GET "/assets/scaffolds.css?body=1" for 127.0.0.1 at 2012-08-09 04:04:36 -0500
Served asset /scaffolds.css - 304 Not Modified (0ms)


Started GET "/assets/jquery.js?body=1" for 127.0.0.1 at 2012-08-09 04:04:36 -0500
Served asset /jquery.js - 304 Not Modified (0ms)


Started GET "/assets/tweets.js?body=1" for 127.0.0.1 at 2012-08-09 04:04:36 -0500
Served asset /tweets.js - 304 Not Modified (0ms)


Started GET "/assets/tweets.css?body=1" for 127.0.0.1 at 2012-08-09 04:04:36 -0500
Served asset /tweets.css - 304 Not Modified (0ms)


Started GET "/assets/jquery_ujs.js?body=1" for 127.0.0.1 at 2012-08-09 04:04:36 -0500
Served asset /jquery_ujs.js - 304 Not Modified (0ms)


Started GET "/assets/application.js?body=1" for 127.0.0.1 at 2012-08-09 04:04:36 -0500
Served asset /application.js - 304 Not Modified (0ms)


Started PUT "/read_text" for 127.0.0.1 at 2012-08-09 04:05:36 -0500
Processing by TweetsController#index as HTML
  Parameters: {"utf8"=>"✓", "authenticity_token"=>"ecx4ULkICrjVhxhcZ9eDB4Q/KrcRQDkfhmSgOTiaveA=", "tweet"=>{"status"=>"elcomercio"}, "commit"=>"Mostrar Tweet"}
  [1m[36mTweet Load (1.0ms)[0m  [1mSELECT "tweets".* FROM "tweets" [0m
  [1m[35m (0.0ms)[0m  begin transaction
  [1m[36mSQL (3.0ms)[0m  [1mINSERT INTO "tweets" ("created_at", "message", "status", "updated_at", "user") VALUES (?, ?, ?, ?, ?)[0m  [["created_at", Thu, 09 Aug 2012 09:05:36 UTC +00:00], ["message", nil], ["status", "elcomercio"], ["updated_at", Thu, 09 Aug 2012 09:05:36 UTC +00:00], ["user", nil]]
  [1m[35m (125.0ms)[0m  commit transaction
  Rendered tweets/index.html.erb within layouts/application (1014.1ms)
Completed 500 Internal Server Error in 1166ms

ActionView::Template::Error (Sorry, that page does not exist):
    24: <br />
    25: 
    26: <%= form_for(@tweet) do |f| %>
    27:   <% @tweet.message = @tweet.index %>
    28:   
    29:   <div class="field">
    30:     <%= f.label :Tweet %><br />
  app/models/tweet.rb:13:in `index'
  app/views/tweets/index.html.erb:27:in `block in _app_views_tweets_index_html_erb___149940159_28020960'
  app/views/tweets/index.html.erb:26:in `_app_views_tweets_index_html_erb___149940159_28020960'
  app/controllers/tweets_controller.rb:8:in `index'


  Rendered C:/RailsInstaller/Ruby1.9.3/lib/ruby/gems/1.9.1/gems/actionpack-3.2.1/lib/action_dispatch/middleware/templates/rescues/_trace.erb (6.0ms)
  Rendered C:/RailsInstaller/Ruby1.9.3/lib/ruby/gems/1.9.1/gems/actionpack-3.2.1/lib/action_dispatch/middleware/templates/rescues/_request_and_response.erb (2.0ms)
  Rendered C:/RailsInstaller/Ruby1.9.3/lib/ruby/gems/1.9.1/gems/actionpack-3.2.1/lib/action_dispatch/middleware/templates/rescues/template_error.erb within rescues/layout (15.0ms)


Started PUT "/read_text" for 127.0.0.1 at 2012-08-09 04:11:56 -0500
Processing by TweetsController#index as HTML
  Parameters: {"utf8"=>"✓", "authenticity_token"=>"ecx4ULkICrjVhxhcZ9eDB4Q/KrcRQDkfhmSgOTiaveA=", "tweet"=>{"status"=>"elcomercio"}, "commit"=>"Mostrar Tweet"}
  [1m[36mTweet Load (1.0ms)[0m  [1mSELECT "tweets".* FROM "tweets" [0m
  [1m[35m (0.0ms)[0m  begin transaction
  [1m[36mSQL (1.0ms)[0m  [1mINSERT INTO "tweets" ("created_at", "message", "status", "updated_at", "user") VALUES (?, ?, ?, ?, ?)[0m  [["created_at", Thu, 09 Aug 2012 09:11:56 UTC +00:00], ["message", nil], ["status", "elcomercio"], ["updated_at", Thu, 09 Aug 2012 09:11:56 UTC +00:00], ["user", nil]]
  [1m[35m (162.0ms)[0m  commit transaction
  Rendered tweets/index.html.erb within layouts/application (989.1ms)
Completed 500 Internal Server Error in 1172ms

ActionView::Template::Error (Sorry, that page does not exist):
    24: <br />
    25: 
    26: <%= form_for(@tweet) do |f| %>
    27:   <% @tweet.message = @tweet.index %>
    28:   
    29:   <div class="field">
    30:     <%= f.label :Tweet %><br />
  app/models/tweet.rb:13:in `index'
  app/views/tweets/index.html.erb:27:in `block in _app_views_tweets_index_html_erb___149940159_28020960'
  app/views/tweets/index.html.erb:26:in `_app_views_tweets_index_html_erb___149940159_28020960'
  app/controllers/tweets_controller.rb:8:in `index'


  Rendered C:/RailsInstaller/Ruby1.9.3/lib/ruby/gems/1.9.1/gems/actionpack-3.2.1/lib/action_dispatch/middleware/templates/rescues/_trace.erb (6.0ms)
  Rendered C:/RailsInstaller/Ruby1.9.3/lib/ruby/gems/1.9.1/gems/actionpack-3.2.1/lib/action_dispatch/middleware/templates/rescues/_request_and_response.erb (1.0ms)
  Rendered C:/RailsInstaller/Ruby1.9.3/lib/ruby/gems/1.9.1/gems/actionpack-3.2.1/lib/action_dispatch/middleware/templates/rescues/template_error.erb within rescues/layout (45.0ms)


Started PUT "/read_text" for 127.0.0.1 at 2012-08-09 04:12:05 -0500
Processing by TweetsController#index as HTML
  Parameters: {"utf8"=>"✓", "authenticity_token"=>"ecx4ULkICrjVhxhcZ9eDB4Q/KrcRQDkfhmSgOTiaveA=", "tweet"=>{"status"=>"elcomercio"}, "commit"=>"Mostrar Tweet"}
  [1m[36mTweet Load (0.0ms)[0m  [1mSELECT "tweets".* FROM "tweets" [0m
  [1m[35m (1.0ms)[0m  begin transaction
  [1m[36mSQL (2.0ms)[0m  [1mINSERT INTO "tweets" ("created_at", "message", "status", "updated_at", "user") VALUES (?, ?, ?, ?, ?)[0m  [["created_at", Thu, 09 Aug 2012 09:12:05 UTC +00:00], ["message", nil], ["status", "elcomercio"], ["updated_at", Thu, 09 Aug 2012 09:12:05 UTC +00:00], ["user", nil]]
  [1m[35m (229.0ms)[0m  commit transaction
  Rendered tweets/index.html.erb within layouts/application (946.1ms)
Completed 500 Internal Server Error in 1188ms

ActionView::Template::Error (Sorry, that page does not exist):
    24: <br />
    25: 
    26: <%= form_for(@tweet) do |f| %>
    27:   <% @tweet.message = @tweet.index %>
    28:   
    29:   <div class="field">
    30:     <%= f.label :Tweet %><br />
  app/models/tweet.rb:13:in `index'
  app/views/tweets/index.html.erb:27:in `block in _app_views_tweets_index_html_erb___149940159_28020960'
  app/views/tweets/index.html.erb:26:in `_app_views_tweets_index_html_erb___149940159_28020960'
  app/controllers/tweets_controller.rb:8:in `index'


  Rendered C:/RailsInstaller/Ruby1.9.3/lib/ruby/gems/1.9.1/gems/actionpack-3.2.1/lib/action_dispatch/middleware/templates/rescues/_trace.erb (9.0ms)
  Rendered C:/RailsInstaller/Ruby1.9.3/lib/ruby/gems/1.9.1/gems/actionpack-3.2.1/lib/action_dispatch/middleware/templates/rescues/_request_and_response.erb (2.0ms)
  Rendered C:/RailsInstaller/Ruby1.9.3/lib/ruby/gems/1.9.1/gems/actionpack-3.2.1/lib/action_dispatch/middleware/templates/rescues/template_error.erb within rescues/layout (20.0ms)


Started PUT "/user" for 127.0.0.1 at 2012-08-09 04:18:52 -0500
Processing by TweetsController#read_message as HTML
  Parameters: {"utf8"=>"✓", "authenticity_token"=>"ecx4ULkICrjVhxhcZ9eDB4Q/KrcRQDkfhmSgOTiaveA=", "tweet"=>{"user"=>"elcomercio"}, "commit"=>"Ver ultimo Tweet"}
  Rendered tweets/read_message.html.erb within layouts/application (1090.1ms)
Completed 200 OK in 1107ms (Views: 1106.1ms | ActiveRecord: 0.0ms)


Started GET "/assets/scaffolds.css?body=1" for 127.0.0.1 at 2012-08-09 04:18:53 -0500
Served asset /scaffolds.css - 304 Not Modified (0ms)


Started GET "/assets/application.css?body=1" for 127.0.0.1 at 2012-08-09 04:18:53 -0500
Served asset /application.css - 304 Not Modified (0ms)


Started GET "/assets/tweets.css?body=1" for 127.0.0.1 at 2012-08-09 04:18:53 -0500
Served asset /tweets.css - 304 Not Modified (0ms)


Started GET "/assets/jquery_ujs.js?body=1" for 127.0.0.1 at 2012-08-09 04:18:53 -0500
Served asset /jquery_ujs.js - 304 Not Modified (0ms)


Started GET "/assets/tweets.js?body=1" for 127.0.0.1 at 2012-08-09 04:18:53 -0500
Served asset /tweets.js - 304 Not Modified (0ms)


Started GET "/assets/jquery.js?body=1" for 127.0.0.1 at 2012-08-09 04:18:53 -0500
Served asset /jquery.js - 304 Not Modified (0ms)


Started GET "/assets/application.js?body=1" for 127.0.0.1 at 2012-08-09 04:18:53 -0500
Served asset /application.js - 304 Not Modified (0ms)


Started PUT "/read_text" for 127.0.0.1 at 2012-08-09 04:19:01 -0500
Processing by TweetsController#index as HTML
  Parameters: {"utf8"=>"✓", "authenticity_token"=>"ecx4ULkICrjVhxhcZ9eDB4Q/KrcRQDkfhmSgOTiaveA=", "tweet"=>{"status"=>"elcomercio"}, "commit"=>"Mostrar Tweet"}
  [1m[36mTweet Load (0.0ms)[0m  [1mSELECT "tweets".* FROM "tweets" [0m
  [1m[35m (0.0ms)[0m  begin transaction
  [1m[36mSQL (2.0ms)[0m  [1mINSERT INTO "tweets" ("created_at", "message", "status", "updated_at", "user") VALUES (?, ?, ?, ?, ?)[0m  [["created_at", Thu, 09 Aug 2012 09:19:01 UTC +00:00], ["message", nil], ["status", "elcomercio"], ["updated_at", Thu, 09 Aug 2012 09:19:01 UTC +00:00], ["user", nil]]
  [1m[35m (164.0ms)[0m  commit transaction
  Rendered tweets/index.html.erb within layouts/application (1113.1ms)
Completed 500 Internal Server Error in 1302ms

ActionView::Template::Error (Sorry, that page does not exist):
    24: <br />
    25: 
    26: <%= form_for(@tweet) do |f| %>
    27:   <% @tweet.message = @tweet.index %>
    28:   
    29:   <div class="field">
    30:     <%= f.label :Tweet %><br />
  app/models/tweet.rb:13:in `index'
  app/views/tweets/index.html.erb:27:in `block in _app_views_tweets_index_html_erb___149940159_28020960'
  app/views/tweets/index.html.erb:26:in `_app_views_tweets_index_html_erb___149940159_28020960'
  app/controllers/tweets_controller.rb:8:in `index'


  Rendered C:/RailsInstaller/Ruby1.9.3/lib/ruby/gems/1.9.1/gems/actionpack-3.2.1/lib/action_dispatch/middleware/templates/rescues/_trace.erb (6.0ms)
  Rendered C:/RailsInstaller/Ruby1.9.3/lib/ruby/gems/1.9.1/gems/actionpack-3.2.1/lib/action_dispatch/middleware/templates/rescues/_request_and_response.erb (2.0ms)
  Rendered C:/RailsInstaller/Ruby1.9.3/lib/ruby/gems/1.9.1/gems/actionpack-3.2.1/lib/action_dispatch/middleware/templates/rescues/template_error.erb within rescues/layout (15.0ms)


Started PUT "/read_text" for 127.0.0.1 at 2012-08-09 04:21:36 -0500
Processing by TweetsController#index as HTML
  Parameters: {"utf8"=>"✓", "authenticity_token"=>"ecx4ULkICrjVhxhcZ9eDB4Q/KrcRQDkfhmSgOTiaveA=", "tweet"=>{"status"=>"elcomercio"}, "commit"=>"Mostrar Tweet"}
  [1m[36mTweet Load (1.0ms)[0m  [1mSELECT "tweets".* FROM "tweets" [0m
  [1m[35m (0.0ms)[0m  begin transaction
  [1m[36mSQL (4.0ms)[0m  [1mINSERT INTO "tweets" ("created_at", "message", "status", "updated_at", "user") VALUES (?, ?, ?, ?, ?)[0m  [["created_at", Thu, 09 Aug 2012 09:21:36 UTC +00:00], ["message", nil], ["status", "elcomercio"], ["updated_at", Thu, 09 Aug 2012 09:21:36 UTC +00:00], ["user", nil]]
  [1m[35m (129.0ms)[0m  commit transaction
  Rendered tweets/index.html.erb within layouts/application (1026.1ms)
Completed 500 Internal Server Error in 1183ms

ActionView::Template::Error (Sorry, that page does not exist):
    24: <br />
    25: 
    26: <%= form_for(@tweet) do |f| %>
    27:   <% @tweet.message = @tweet.index %>
    28:   
    29:   <div class="field">
    30:     <%= f.label :Tweet %><br />
  app/models/tweet.rb:13:in `index'
  app/views/tweets/index.html.erb:27:in `block in _app_views_tweets_index_html_erb___149940159_28020960'
  app/views/tweets/index.html.erb:26:in `_app_views_tweets_index_html_erb___149940159_28020960'
  app/controllers/tweets_controller.rb:8:in `index'


  Rendered C:/RailsInstaller/Ruby1.9.3/lib/ruby/gems/1.9.1/gems/actionpack-3.2.1/lib/action_dispatch/middleware/templates/rescues/_trace.erb (6.0ms)
  Rendered C:/RailsInstaller/Ruby1.9.3/lib/ruby/gems/1.9.1/gems/actionpack-3.2.1/lib/action_dispatch/middleware/templates/rescues/_request_and_response.erb (1.0ms)
  Rendered C:/RailsInstaller/Ruby1.9.3/lib/ruby/gems/1.9.1/gems/actionpack-3.2.1/lib/action_dispatch/middleware/templates/rescues/template_error.erb within rescues/layout (16.0ms)


Started PUT "/read_text" for 127.0.0.1 at 2012-08-09 04:23:04 -0500
Processing by TweetsController#index as HTML
  Parameters: {"utf8"=>"✓", "authenticity_token"=>"ecx4ULkICrjVhxhcZ9eDB4Q/KrcRQDkfhmSgOTiaveA=", "tweet"=>{"status"=>"elcomercio"}, "commit"=>"Mostrar Tweet"}
  [1m[36mTweet Load (0.0ms)[0m  [1mSELECT "tweets".* FROM "tweets" [0m
  [1m[35m (0.0ms)[0m  begin transaction
  [1m[36mSQL (1.0ms)[0m  [1mINSERT INTO "tweets" ("created_at", "message", "status", "updated_at", "user") VALUES (?, ?, ?, ?, ?)[0m  [["created_at", Thu, 09 Aug 2012 09:23:04 UTC +00:00], ["message", nil], ["status", "elcomercio"], ["updated_at", Thu, 09 Aug 2012 09:23:04 UTC +00:00], ["user", nil]]
  [1m[35m (150.0ms)[0m  commit transaction
  Rendered tweets/index.html.erb within layouts/application (995.1ms)
Completed 500 Internal Server Error in 1157ms

ActionView::Template::Error (Sorry, that page does not exist):
    24: <br />
    25: 
    26: <%= form_for(@tweet) do |f| %>
    27:   <% @tweet.message = @tweet.index %>
    28:   
    29:   <div class="field">
    30:     <%= f.label :Tweet %><br />
  app/models/tweet.rb:13:in `index'
  app/views/tweets/index.html.erb:27:in `block in _app_views_tweets_index_html_erb___149940159_28020960'
  app/views/tweets/index.html.erb:26:in `_app_views_tweets_index_html_erb___149940159_28020960'
  app/controllers/tweets_controller.rb:8:in `index'


  Rendered C:/RailsInstaller/Ruby1.9.3/lib/ruby/gems/1.9.1/gems/actionpack-3.2.1/lib/action_dispatch/middleware/templates/rescues/_trace.erb (7.0ms)
  Rendered C:/RailsInstaller/Ruby1.9.3/lib/ruby/gems/1.9.1/gems/actionpack-3.2.1/lib/action_dispatch/middleware/templates/rescues/_request_and_response.erb (2.0ms)
  Rendered C:/RailsInstaller/Ruby1.9.3/lib/ruby/gems/1.9.1/gems/actionpack-3.2.1/lib/action_dispatch/middleware/templates/rescues/template_error.erb within rescues/layout (15.0ms)


Started PUT "/user" for 127.0.0.1 at 2012-08-09 04:23:09 -0500
Processing by TweetsController#read_message as HTML
  Parameters: {"utf8"=>"✓", "authenticity_token"=>"ecx4ULkICrjVhxhcZ9eDB4Q/KrcRQDkfhmSgOTiaveA=", "tweet"=>{"user"=>"elcomercio"}, "commit"=>"Ver ultimo Tweet"}
  Rendered tweets/read_message.html.erb within layouts/application (1011.1ms)
Completed 200 OK in 1023ms (Views: 1022.1ms | ActiveRecord: 0.0ms)


Started GET "/assets/application.css?body=1" for 127.0.0.1 at 2012-08-09 04:23:10 -0500
Served asset /application.css - 304 Not Modified (0ms)


Started GET "/assets/scaffolds.css?body=1" for 127.0.0.1 at 2012-08-09 04:23:10 -0500
Served asset /scaffolds.css - 304 Not Modified (0ms)


Started GET "/assets/jquery.js?body=1" for 127.0.0.1 at 2012-08-09 04:23:10 -0500
Served asset /jquery.js - 304 Not Modified (1ms)


Started GET "/assets/application.js?body=1" for 127.0.0.1 at 2012-08-09 04:23:10 -0500
Served asset /application.js - 304 Not Modified (0ms)


Started GET "/assets/tweets.css?body=1" for 127.0.0.1 at 2012-08-09 04:23:10 -0500
Served asset /tweets.css - 304 Not Modified (0ms)


Started GET "/assets/tweets.js?body=1" for 127.0.0.1 at 2012-08-09 04:23:10 -0500
Served asset /tweets.js - 304 Not Modified (0ms)


Started GET "/assets/jquery_ujs.js?body=1" for 127.0.0.1 at 2012-08-09 04:23:10 -0500
Served asset /jquery_ujs.js - 304 Not Modified (0ms)


Started GET "/tweets" for 127.0.0.1 at 2012-08-09 04:24:45 -0500
Processing by TweetsController#index as HTML
  [1m[36mTweet Load (1.0ms)[0m  [1mSELECT "tweets".* FROM "tweets" [0m
  [1m[35m (1.0ms)[0m  begin transaction
  [1m[36mSQL (2.0ms)[0m  [1mINSERT INTO "tweets" ("created_at", "message", "status", "updated_at", "user") VALUES (?, ?, ?, ?, ?)[0m  [["created_at", Thu, 09 Aug 2012 09:24:45 UTC +00:00], ["message", nil], ["status", nil], ["updated_at", Thu, 09 Aug 2012 09:24:45 UTC +00:00], ["user", nil]]
  [1m[35m (153.0ms)[0m  commit transaction
  Rendered tweets/index.html.erb within layouts/application (7.0ms)
Completed 200 OK in 197ms (Views: 35.0ms | ActiveRecord: 157.0ms)


Started GET "/assets/application.css?body=1" for 127.0.0.1 at 2012-08-09 04:24:45 -0500
Served asset /application.css - 304 Not Modified (1ms)


Started GET "/assets/scaffolds.css?body=1" for 127.0.0.1 at 2012-08-09 04:24:45 -0500
Served asset /scaffolds.css - 304 Not Modified (0ms)


Started GET "/assets/tweets.css?body=1" for 127.0.0.1 at 2012-08-09 04:24:45 -0500
Served asset /tweets.css - 304 Not Modified (0ms)


Started GET "/assets/jquery.js?body=1" for 127.0.0.1 at 2012-08-09 04:24:45 -0500
Served asset /jquery.js - 304 Not Modified (0ms)


Started GET "/assets/jquery_ujs.js?body=1" for 127.0.0.1 at 2012-08-09 04:24:45 -0500
Served asset /jquery_ujs.js - 304 Not Modified (0ms)


Started GET "/assets/tweets.js?body=1" for 127.0.0.1 at 2012-08-09 04:24:45 -0500
Served asset /tweets.js - 304 Not Modified (0ms)


Started GET "/assets/application.js?body=1" for 127.0.0.1 at 2012-08-09 04:24:45 -0500
Served asset /application.js - 304 Not Modified (0ms)


Started GET "/tweets" for 127.0.0.1 at 2012-08-09 04:27:19 -0500
Processing by TweetsController#index as HTML
  [1m[36mTweet Load (0.0ms)[0m  [1mSELECT "tweets".* FROM "tweets" [0m
  [1m[35m (0.0ms)[0m  begin transaction
  [1m[36mSQL (2.0ms)[0m  [1mINSERT INTO "tweets" ("created_at", "message", "status", "updated_at", "user") VALUES (?, ?, ?, ?, ?)[0m  [["created_at", Thu, 09 Aug 2012 09:27:19 UTC +00:00], ["message", nil], ["status", nil], ["updated_at", Thu, 09 Aug 2012 09:27:19 UTC +00:00], ["user", nil]]
  [1m[35m (145.0ms)[0m  commit transaction
  Rendered tweets/index.html.erb within layouts/application (6.0ms)
Completed 200 OK in 182ms (Views: 29.0ms | ActiveRecord: 147.0ms)


Started GET "/assets/scaffolds.css?body=1" for 127.0.0.1 at 2012-08-09 04:27:20 -0500
Served asset /scaffolds.css - 304 Not Modified (0ms)


Started GET "/assets/application.css?body=1" for 127.0.0.1 at 2012-08-09 04:27:20 -0500
Served asset /application.css - 304 Not Modified (1ms)


Started GET "/assets/tweets.css?body=1" for 127.0.0.1 at 2012-08-09 04:27:20 -0500
Served asset /tweets.css - 304 Not Modified (0ms)


Started GET "/assets/jquery.js?body=1" for 127.0.0.1 at 2012-08-09 04:27:20 -0500
Served asset /jquery.js - 304 Not Modified (0ms)


Started GET "/assets/jquery_ujs.js?body=1" for 127.0.0.1 at 2012-08-09 04:27:20 -0500
Served asset /jquery_ujs.js - 304 Not Modified (0ms)


Started GET "/assets/tweets.js?body=1" for 127.0.0.1 at 2012-08-09 04:27:20 -0500
Served asset /tweets.js - 304 Not Modified (0ms)


Started GET "/assets/application.js?body=1" for 127.0.0.1 at 2012-08-09 04:27:20 -0500
Served asset /application.js - 304 Not Modified (0ms)


Started PUT "/user" for 127.0.0.1 at 2012-08-09 04:27:23 -0500
Processing by TweetsController#read_message as HTML
  Parameters: {"utf8"=>"✓", "authenticity_token"=>"ecx4ULkICrjVhxhcZ9eDB4Q/KrcRQDkfhmSgOTiaveA=", "tweet"=>{"user"=>""}, "commit"=>"Ver ultimo Tweet"}
  Rendered tweets/read_message.html.erb within layouts/application (0.0ms)
Completed 200 OK in 14ms (Views: 14.0ms | ActiveRecord: 0.0ms)


Started GET "/assets/application.css?body=1" for 127.0.0.1 at 2012-08-09 04:27:23 -0500
Served asset /application.css - 304 Not Modified (2ms)


Started GET "/assets/scaffolds.css?body=1" for 127.0.0.1 at 2012-08-09 04:27:23 -0500
Served asset /scaffolds.css - 304 Not Modified (0ms)


Started GET "/assets/tweets.css?body=1" for 127.0.0.1 at 2012-08-09 04:27:24 -0500
Served asset /tweets.css - 304 Not Modified (0ms)


Started GET "/assets/jquery.js?body=1" for 127.0.0.1 at 2012-08-09 04:27:24 -0500
Served asset /jquery.js - 304 Not Modified (0ms)


Started GET "/assets/tweets.js?body=1" for 127.0.0.1 at 2012-08-09 04:27:24 -0500
Served asset /tweets.js - 304 Not Modified (0ms)


Started GET "/assets/jquery_ujs.js?body=1" for 127.0.0.1 at 2012-08-09 04:27:24 -0500
Served asset /jquery_ujs.js - 304 Not Modified (0ms)


Started GET "/assets/application.js?body=1" for 127.0.0.1 at 2012-08-09 04:27:24 -0500
Served asset /application.js - 304 Not Modified (0ms)


Started PUT "/user" for 127.0.0.1 at 2012-08-09 04:27:35 -0500
Processing by TweetsController#read_message as HTML
  Parameters: {"utf8"=>"✓", "authenticity_token"=>"ecx4ULkICrjVhxhcZ9eDB4Q/KrcRQDkfhmSgOTiaveA=", "tweet"=>{"user"=>"caretas"}, "commit"=>"Ver ultimo Tweet"}
  Rendered tweets/read_message.html.erb within layouts/application (1095.1ms)
Completed 200 OK in 1108ms (Views: 1107.1ms | ActiveRecord: 0.0ms)


Started GET "/assets/scaffolds.css?body=1" for 127.0.0.1 at 2012-08-09 04:27:36 -0500
Served asset /scaffolds.css - 304 Not Modified (0ms)


Started GET "/assets/application.css?body=1" for 127.0.0.1 at 2012-08-09 04:27:36 -0500
Served asset /application.css - 304 Not Modified (0ms)


Started GET "/assets/jquery_ujs.js?body=1" for 127.0.0.1 at 2012-08-09 04:27:36 -0500
Served asset /jquery_ujs.js - 304 Not Modified (1ms)


Started GET "/assets/tweets.css?body=1" for 127.0.0.1 at 2012-08-09 04:27:36 -0500
Served asset /tweets.css - 304 Not Modified (0ms)


Started GET "/assets/jquery.js?body=1" for 127.0.0.1 at 2012-08-09 04:27:36 -0500
Served asset /jquery.js - 304 Not Modified (0ms)


Started GET "/assets/tweets.js?body=1" for 127.0.0.1 at 2012-08-09 04:27:37 -0500
Served asset /tweets.js - 304 Not Modified (0ms)


Started GET "/assets/application.js?body=1" for 127.0.0.1 at 2012-08-09 04:27:37 -0500
Served asset /application.js - 304 Not Modified (0ms)


Started GET "/tweets" for 127.0.0.1 at 2012-08-09 04:28:41 -0500
Processing by TweetsController#index as HTML
  [1m[36mTweet Load (1.0ms)[0m  [1mSELECT "tweets".* FROM "tweets" [0m
  [1m[35m (0.0ms)[0m  begin transaction
  [1m[36mSQL (1.0ms)[0m  [1mINSERT INTO "tweets" ("created_at", "message", "status", "updated_at", "user") VALUES (?, ?, ?, ?, ?)[0m  [["created_at", Thu, 09 Aug 2012 09:28:41 UTC +00:00], ["message", nil], ["status", nil], ["updated_at", Thu, 09 Aug 2012 09:28:41 UTC +00:00], ["user", nil]]
  [1m[35m (142.0ms)[0m  commit transaction
  Rendered tweets/index.html.erb within layouts/application (2.0ms)
Completed 200 OK in 169ms (Views: 19.0ms | ActiveRecord: 144.0ms)


Started GET "/assets/application.css?body=1" for 127.0.0.1 at 2012-08-09 04:28:41 -0500
Served asset /application.css - 304 Not Modified (0ms)


Started GET "/assets/tweets.css?body=1" for 127.0.0.1 at 2012-08-09 04:28:41 -0500
Served asset /tweets.css - 304 Not Modified (0ms)


Started GET "/assets/jquery_ujs.js?body=1" for 127.0.0.1 at 2012-08-09 04:28:41 -0500
Served asset /jquery_ujs.js - 304 Not Modified (0ms)


Started GET "/assets/scaffolds.css?body=1" for 127.0.0.1 at 2012-08-09 04:28:41 -0500
Served asset /scaffolds.css - 304 Not Modified (1ms)


Started GET "/assets/jquery.js?body=1" for 127.0.0.1 at 2012-08-09 04:28:41 -0500
Served asset /jquery.js - 304 Not Modified (0ms)


Started GET "/assets/tweets.js?body=1" for 127.0.0.1 at 2012-08-09 04:28:42 -0500
Served asset /tweets.js - 304 Not Modified (0ms)


Started GET "/assets/application.js?body=1" for 127.0.0.1 at 2012-08-09 04:28:42 -0500
Served asset /application.js - 304 Not Modified (1ms)
  [1m[36m (0.0ms)[0m  [1mSELECT "schema_migrations"."version" FROM "schema_migrations" [0m
Migrating to CreateTweets (20120404013043)
  [1m[35m (1.0ms)[0m  select sqlite_version(*)
  [1m[36m (1.0ms)[0m  [1mSELECT "schema_migrations"."version" FROM "schema_migrations" [0m
  [1m[35m (0.0ms)[0m  PRAGMA index_list("tweets")
